<?xml version="1.0" encoding="UTF-8" ?>
<testsuite tests="1" failures="1" name="environment.MigrationsTest" time="12.358" errors="0" skipped="0">
  <properties>
[...]
</properties>
  <testcase classname="environment.MigrationsTest" name="when_ContainerRun_TablesCreate" time="12.358">
    <failure message="
Expecting ArrayList:
  [&quot;databasechangeloglock&quot;, &quot;databasechangelog&quot;]
to contain:
  [&quot;link&quot;, &quot;chat&quot;, &quot;chat-link&quot;, &quot;databasechangelog&quot;, &quot;databasechangeloglock&quot;]
but could not find the following element(s):
  [&quot;link&quot;, &quot;chat&quot;, &quot;chat-link&quot;]
" type="java.lang.AssertionError">java.lang.AssertionError: 
Expecting ArrayList:
  [&quot;databasechangeloglock&quot;, &quot;databasechangelog&quot;]
to contain:
  [&quot;link&quot;, &quot;chat&quot;, &quot;chat-link&quot;, &quot;databasechangelog&quot;, &quot;databasechangeloglock&quot;]
but could not find the following element(s):
  [&quot;link&quot;, &quot;chat&quot;, &quot;chat-link&quot;]

	at environment.MigrationsTest.when_ContainerRun_TablesCreate(MigrationsTest.java:34)
	at java.base/jdk.internal.reflect.DirectMethodHandleAccessor.invoke(DirectMethodHandleAccessor.java:104)
	at java.base/java.lang.reflect.Method.invoke(Method.java:578)
	at org.junit.runners.model.FrameworkMethod$1.runReflectiveCall(FrameworkMethod.java:59)
	at org.junit.internal.runners.model.ReflectiveCallable.run(ReflectiveCallable.java:12)
	at org.junit.runners.model.FrameworkMethod.invokeExplosively(FrameworkMethod.java:56)
	at org.junit.internal.runners.statements.InvokeMethod.evaluate(InvokeMethod.java:17)
	at org.junit.runners.ParentRunner$3.evaluate(ParentRunner.java:306)
	at org.junit.runners.BlockJUnit4ClassRunner$1.evaluate(BlockJUnit4ClassRunner.java:100)
	at org.junit.runners.ParentRunner.runLeaf(ParentRunner.java:366)
	at org.junit.runners.BlockJUnit4ClassRunner.runChild(BlockJUnit4ClassRunner.java:103)
	at org.junit.runners.BlockJUnit4ClassRunner.runChild(BlockJUnit4ClassRunner.java:63)
	at org.junit.runners.ParentRunner$4.run(ParentRunner.java:331)
	at org.junit.runners.ParentRunner$1.schedule(ParentRunner.java:79)
	at org.junit.runners.ParentRunner.runChildren(ParentRunner.java:329)
	at org.junit.runners.ParentRunner.access$100(ParentRunner.java:66)
	at org.junit.runners.ParentRunner$2.evaluate(ParentRunner.java:293)
	at org.junit.runners.ParentRunner$3.evaluate(ParentRunner.java:306)
	at org.junit.runners.ParentRunner.run(ParentRunner.java:413)
	at org.apache.maven.surefire.junit4.JUnit4Provider.execute(JUnit4Provider.java:252)
	at org.apache.maven.surefire.junit4.JUnit4Provider.executeTestSet(JUnit4Provider.java:141)
	at org.apache.maven.surefire.junit4.JUnit4Provider.invoke(JUnit4Provider.java:112)
	at java.base/jdk.internal.reflect.DirectMethodHandleAccessor.invoke(DirectMethodHandleAccessor.java:104)
	at java.base/java.lang.reflect.Method.invoke(Method.java:578)
	at org.apache.maven.surefire.util.ReflectionUtils.invokeMethodWithArray(ReflectionUtils.java:189)
	at org.apache.maven.surefire.booter.ProviderFactory$ProviderProxy.invoke(ProviderFactory.java:165)
	at org.apache.maven.surefire.booter.ProviderFactory.invokeProvider(ProviderFactory.java:85)
	at org.apache.maven.surefire.booter.ForkedBooter.runSuitesInProcess(ForkedBooter.java:115)
	at org.apache.maven.surefire.booter.ForkedBooter.main(ForkedBooter.java:75)
</failure>
    <system-out>17:51:54.890 [main] DEBUG org.testcontainers.utility.TestcontainersConfiguration - Testcontainers configuration overrides will be loaded from file:/C:/Users/ga12/.testcontainers.properties
17:51:54.921 [main] INFO org.testcontainers.utility.ImageNameSubstitutor - Image name substitution will be performed by: DefaultImageNameSubstitutor (composite of &apos;ConfigurationFileImageNameSubstitutor&apos; and &apos;PrefixingImageNameSubstitutor&apos;)
17:51:55.625 [main] INFO org.testcontainers.dockerclient.DockerClientProviderStrategy - Loaded org.testcontainers.dockerclient.NpipeSocketClientProviderStrategy from ~/.testcontainers.properties, will try it first
17:51:55.634 [main] DEBUG org.testcontainers.dockerclient.DockerClientProviderStrategy - Trying out strategy: NpipeSocketClientProviderStrategy
17:51:56.224 [main] DEBUG org.testcontainers.shaded.com.github.dockerjava.core.command.AbstrDockerCmd - Cmd: 
17:51:56.287 [main] DEBUG com.github.dockerjava.zerodep.shaded.org.apache.hc.client5.http.impl.classic.InternalHttpClient - ex-00000001: preparing request execution
17:51:56.296 [main] DEBUG com.github.dockerjava.zerodep.shaded.org.apache.hc.client5.http.protocol.RequestAddCookies - Cookie spec selected: strict
17:51:56.303 [main] DEBUG com.github.dockerjava.zerodep.shaded.org.apache.hc.client5.http.protocol.RequestAuthCache - Auth cache not set in the context
17:51:56.303 [main] DEBUG com.github.dockerjava.zerodep.shaded.org.apache.hc.client5.http.impl.classic.ProtocolExec - ex-00000001: target auth state: UNCHALLENGED
17:51:56.305 [main] DEBUG com.github.dockerjava.zerodep.shaded.org.apache.hc.client5.http.impl.classic.ProtocolExec - ex-00000001: proxy auth state: UNCHALLENGED
17:51:56.305 [main] DEBUG com.github.dockerjava.zerodep.shaded.org.apache.hc.client5.http.impl.classic.ConnectExec - ex-00000001: acquiring connection with route {}-&gt;npipe://localhost:2375
17:51:56.305 [main] DEBUG com.github.dockerjava.zerodep.shaded.org.apache.hc.client5.http.impl.classic.InternalHttpClient - ex-00000001: acquiring endpoint (3 MINUTES)
17:51:56.314 [main] DEBUG com.github.dockerjava.zerodep.shaded.org.apache.hc.client5.http.impl.io.PoolingHttpClientConnectionManager - ex-00000001: endpoint lease request (3 MINUTES) [route: {}-&gt;npipe://localhost:2375][total available: 0; route allocated: 0 of 2147483647; total allocated: 0 of 2147483647]
17:51:56.331 [main] DEBUG com.github.dockerjava.zerodep.shaded.org.apache.hc.client5.http.impl.io.PoolingHttpClientConnectionManager - ex-00000001: endpoint leased [route: {}-&gt;npipe://localhost:2375][total available: 0; route allocated: 1 of 2147483647; total allocated: 1 of 2147483647]
17:51:56.358 [main] DEBUG com.github.dockerjava.zerodep.shaded.org.apache.hc.client5.http.impl.io.PoolingHttpClientConnectionManager - ex-00000001: acquired ep-00000000
17:51:56.359 [main] DEBUG com.github.dockerjava.zerodep.shaded.org.apache.hc.client5.http.impl.classic.InternalHttpClient - ex-00000001: acquired endpoint ep-00000000
17:51:56.359 [main] DEBUG com.github.dockerjava.zerodep.shaded.org.apache.hc.client5.http.impl.classic.ConnectExec - ex-00000001: opening connection {}-&gt;npipe://localhost:2375
17:51:56.361 [main] DEBUG com.github.dockerjava.zerodep.shaded.org.apache.hc.client5.http.impl.classic.InternalHttpClient - ep-00000000: connecting endpoint (3 MINUTES)
17:51:56.361 [main] DEBUG com.github.dockerjava.zerodep.shaded.org.apache.hc.client5.http.impl.io.PoolingHttpClientConnectionManager - ep-00000000: connecting endpoint to npipe://localhost:2375 (3 MINUTES)
17:51:56.382 [main] DEBUG com.github.dockerjava.zerodep.shaded.org.apache.hc.client5.http.impl.io.DefaultHttpClientConnectionOperator - http-outgoing-0: connecting to localhost/127.0.0.1:2375
17:51:56.390 [main] DEBUG com.github.dockerjava.zerodep.shaded.org.apache.hc.client5.http.impl.io.DefaultHttpClientConnectionOperator - http-outgoing-0: connection established 
17:51:56.393 [main] DEBUG com.github.dockerjava.zerodep.shaded.org.apache.hc.client5.http.impl.io.PoolingHttpClientConnectionManager - ep-00000000: connected http-outgoing-0
17:51:56.395 [main] DEBUG com.github.dockerjava.zerodep.shaded.org.apache.hc.client5.http.impl.classic.InternalHttpClient - ep-00000000: endpoint connected
17:51:56.398 [main] DEBUG com.github.dockerjava.zerodep.shaded.org.apache.hc.client5.http.impl.classic.MainClientExec - ex-00000001: executing GET /v1.32/info HTTP/1.1
17:51:56.400 [main] DEBUG com.github.dockerjava.zerodep.shaded.org.apache.hc.client5.http.impl.classic.InternalHttpClient - ep-00000000: start execution ex-00000001
17:51:56.400 [main] DEBUG com.github.dockerjava.zerodep.shaded.org.apache.hc.client5.http.impl.io.PoolingHttpClientConnectionManager - ep-00000000: executing exchange ex-00000001 over http-outgoing-0
17:51:56.403 [main] DEBUG com.github.dockerjava.zerodep.shaded.org.apache.hc.client5.http.headers - http-outgoing-0 &gt;&gt; GET /v1.32/info HTTP/1.1
17:51:56.403 [main] DEBUG com.github.dockerjava.zerodep.shaded.org.apache.hc.client5.http.headers - http-outgoing-0 &gt;&gt; x-tc-sid: 2e83e22e-e672-4754-b852-5ac7974dddc6
17:51:56.403 [main] DEBUG com.github.dockerjava.zerodep.shaded.org.apache.hc.client5.http.headers - http-outgoing-0 &gt;&gt; Accept-Encoding: gzip, x-gzip, deflate
17:51:56.404 [main] DEBUG com.github.dockerjava.zerodep.shaded.org.apache.hc.client5.http.headers - http-outgoing-0 &gt;&gt; Host: localhost:2375
17:51:56.404 [main] DEBUG com.github.dockerjava.zerodep.shaded.org.apache.hc.client5.http.headers - http-outgoing-0 &gt;&gt; Connection: keep-alive
17:51:56.405 [main] DEBUG com.github.dockerjava.zerodep.shaded.org.apache.hc.client5.http.headers - http-outgoing-0 &gt;&gt; User-Agent: Apache-HttpClient/5.0.3 (Java/19.0.2)
17:51:56.405 [main] DEBUG com.github.dockerjava.zerodep.shaded.org.apache.hc.client5.http.wire - http-outgoing-0 &gt;&gt; &quot;GET /v1.32/info HTTP/1.1[\r][\n]&quot;
17:51:56.406 [main] DEBUG com.github.dockerjava.zerodep.shaded.org.apache.hc.client5.http.wire - http-outgoing-0 &gt;&gt; &quot;x-tc-sid: 2e83e22e-e672-4754-b852-5ac7974dddc6[\r][\n]&quot;
17:51:56.406 [main] DEBUG com.github.dockerjava.zerodep.shaded.org.apache.hc.client5.http.wire - http-outgoing-0 &gt;&gt; &quot;Accept-Encoding: gzip, x-gzip, deflate[\r][\n]&quot;
17:51:56.407 [main] DEBUG com.github.dockerjava.zerodep.shaded.org.apache.hc.client5.http.wire - http-outgoing-0 &gt;&gt; &quot;Host: localhost:2375[\r][\n]&quot;
17:51:56.408 [main] DEBUG com.github.dockerjava.zerodep.shaded.org.apache.hc.client5.http.wire - http-outgoing-0 &gt;&gt; &quot;Connection: keep-alive[\r][\n]&quot;
17:51:56.408 [main] DEBUG com.github.dockerjava.zerodep.shaded.org.apache.hc.client5.http.wire - http-outgoing-0 &gt;&gt; &quot;User-Agent: Apache-HttpClient/5.0.3 (Java/19.0.2)[\r][\n]&quot;
17:51:56.408 [main] DEBUG com.github.dockerjava.zerodep.shaded.org.apache.hc.client5.http.wire - http-outgoing-0 &gt;&gt; &quot;[\r][\n]&quot;
17:51:56.445 [main] DEBUG com.github.dockerjava.zerodep.shaded.org.apache.hc.client5.http.wire - http-outgoing-0 &lt;&lt; &quot;HTTP/1.1 200 OK[\r][\n]&quot;
17:51:56.445 [main] DEBUG com.github.dockerjava.zerodep.shaded.org.apache.hc.client5.http.wire - http-outgoing-0 &lt;&lt; &quot;Api-Version: 1.43[\r][\n]&quot;
17:51:56.446 [main] DEBUG com.github.dockerjava.zerodep.shaded.org.apache.hc.client5.http.wire - http-outgoing-0 &lt;&lt; &quot;Content-Type: application/json[\r][\n]&quot;
17:51:56.446 [main] DEBUG com.github.dockerjava.zerodep.shaded.org.apache.hc.client5.http.wire - http-outgoing-0 &lt;&lt; &quot;Date: Mon, 14 Aug 2023 17:51:56 GMT[\r][\n]&quot;
17:51:56.446 [main] DEBUG com.github.dockerjava.zerodep.shaded.org.apache.hc.client5.http.wire - http-outgoing-0 &lt;&lt; &quot;Docker-Experimental: false[\r][\n]&quot;
17:51:56.446 [main] DEBUG com.github.dockerjava.zerodep.shaded.org.apache.hc.client5.http.wire - http-outgoing-0 &lt;&lt; &quot;Ostype: linux[\r][\n]&quot;
17:51:56.446 [main] DEBUG com.github.dockerjava.zerodep.shaded.org.apache.hc.client5.http.wire - http-outgoing-0 &lt;&lt; &quot;Server: Docker/24.0.5 (linux)[\r][\n]&quot;
17:51:56.446 [main] DEBUG com.github.dockerjava.zerodep.shaded.org.apache.hc.client5.http.wire - http-outgoing-0 &lt;&lt; &quot;Transfer-Encoding: chunked[\r][\n]&quot;
17:51:56.447 [main] DEBUG com.github.dockerjava.zerodep.shaded.org.apache.hc.client5.http.wire - http-outgoing-0 &lt;&lt; &quot;[\r][\n]&quot;
17:51:56.448 [main] DEBUG com.github.dockerjava.zerodep.shaded.org.apache.hc.client5.http.wire - http-outgoing-0 &lt;&lt; &quot;a9e[\r][\n]&quot;
17:51:56.449 [main] DEBUG com.github.dockerjava.zerodep.shaded.org.apache.hc.client5.http.wire - http-outgoing-0 &lt;&lt; &quot;{&quot;ID&quot;:&quot;a6d44dbd-78f8-4c18-bf19-bfeaf664f37a&quot;,&quot;Containers&quot;:0,&quot;ContainersRunning&quot;:0,&quot;ContainersPaused&quot;:0,&quot;ContainersStopped&quot;:0,&quot;Images&quot;:3,&quot;Driver&quot;:&quot;overlay2&quot;,&quot;DriverStatus&quot;:[[&quot;Backing Filesystem&quot;,&quot;extfs&quot;],[&quot;Supports d_type&quot;,&quot;true&quot;],[&quot;Using metacopy&quot;,&quot;false&quot;],[&quot;Native Overlay Diff&quot;,&quot;true&quot;],[&quot;userxattr&quot;,&quot;false&quot;]],&quot;Plugins&quot;:{&quot;Volume&quot;:[&quot;local&quot;],&quot;Network&quot;:[&quot;bridge&quot;,&quot;host&quot;,&quot;ipvlan&quot;,&quot;macvlan&quot;,&quot;null&quot;,&quot;overlay&quot;],&quot;Authorization&quot;:null,&quot;Log&quot;:[&quot;awslogs&quot;,&quot;fluentd&quot;,&quot;gcplogs&quot;,&quot;gelf&quot;,&quot;journald&quot;,&quot;json-file&quot;,&quot;local&quot;,&quot;logentries&quot;,&quot;splunk&quot;,&quot;syslog&quot;]},&quot;MemoryLimit&quot;:true,&quot;SwapLimit&quot;:true,&quot;KernelMemory&quot;:true,&quot;KernelMemoryTCP&quot;:true,&quot;CpuCfsPeriod&quot;:true,&quot;CpuCfsQuota&quot;:true,&quot;CPUShares&quot;:true,&quot;CPUSet&quot;:true,&quot;PidsLimit&quot;:true,&quot;IPv4Forwarding&quot;:true,&quot;BridgeNfIptables&quot;:true,&quot;BridgeNfIp6tables&quot;:true,&quot;Debug&quot;:false,&quot;NFd&quot;:84,&quot;OomKillDisable&quot;:true,&quot;NGoroutines&quot;:146,&quot;SystemTime&quot;:&quot;2023-08-14T14:50:18.098143308Z&quot;,&quot;LoggingDriver&quot;:&quot;json-file&quot;,&quot;CgroupDriver&quot;:&quot;cgroupfs&quot;,&quot;CgroupVersion&quot;:&quot;1&quot;,&quot;NEventsListener&quot;:49,&quot;KernelVersion&quot;:&quot;5.10.102.1-microsoft-standard-WSL2&quot;,&quot;OperatingSystem&quot;:&quot;Docker Desktop&quot;,&quot;OSVersion&quot;:&quot;&quot;,&quot;OSType&quot;:&quot;linux&quot;,&quot;Architecture&quot;:&quot;x86_64&quot;,&quot;IndexServerAddress&quot;:&quot;https://index.docker.io/v1/&quot;,&quot;RegistryConfig&quot;:{&quot;AllowNondistributableArtifactsCIDRs&quot;:null,&quot;AllowNondistributableArtifactsHostnames&quot;:null,&quot;InsecureRegistryCIDRs&quot;:[&quot;127.0.0.0/8&quot;],&quot;IndexConfigs&quot;:{&quot;docker.io&quot;:{&quot;Name&quot;:&quot;docker.io&quot;,&quot;Mirrors&quot;:[],&quot;Secure&quot;:true,&quot;Official&quot;:true},&quot;hubproxy.docker.internal:5555&quot;:{&quot;Name&quot;:&quot;hubproxy.docker.internal:5555&quot;,&quot;Mirrors&quot;:[],&quot;Secure&quot;:false,&quot;Official&quot;:false}},&quot;Mirrors&quot;:null},&quot;NCPU&quot;:4,&quot;MemTotal&quot;:4909346816,&quot;GenericResources&quot;:null,&quot;DockerRootDir&quot;:&quot;/var/lib/docker&quot;,&quot;HttpProxy&quot;:&quot;http.docker.internal:3128&quot;,&quot;HttpsProxy&quot;:&quot;http.docker.internal:3128&quot;,&quot;NoProxy&quot;:&quot;hubproxy.docker.internal&quot;,&quot;Name&quot;:&quot;docker-desktop&quot;,&quot;Labels&quot;:[],&quot;ExperimentalBuild&quot;:false,&quot;ServerVersion&quot;:&quot;24.0.5&quot;,&quot;Runtimes&quot;:{&quot;io.containerd.runc.v2&quot;:{&quot;path&quot;:&quot;runc&quot;},&quot;runc&quot;:{&quot;path&quot;:&quot;runc&quot;}},&quot;DefaultRuntime&quot;:&quot;runc&quot;,&quot;Swarm&quot;:{&quot;NodeID&quot;:&quot;&quot;,&quot;NodeAddr&quot;:&quot;&quot;,&quot;LocalNodeState&quot;:&quot;inactive&quot;,&quot;ControlAvailable&quot;:false,&quot;Error&quot;:&quot;&quot;,&quot;RemoteManagers&quot;:null},&quot;LiveRestoreEnabled&quot;:false,&quot;Isolation&quot;:&quot;&quot;,&quot;InitBinary&quot;:&quot;docker-init&quot;,&quot;ContainerdCommit&quot;:{&quot;ID&quot;:&quot;3dce8eb055cbb6872793272b4f20ed16117344f8&quot;,&quot;Expected&quot;:&quot;3dce8eb055cbb6872793272b4f20ed16117344f8&quot;},&quot;RuncCommit&quot;:{&quot;ID&quot;:&quot;v1.1.7-0-g860f061&quot;,&quot;Expected&quot;:&quot;v1.1.7-0-g860f061&quot;},&quot;InitCommit&quot;:{&quot;ID&quot;:&quot;de40ad0&quot;,&quot;Expected&quot;:&quot;de40ad0&quot;},&quot;SecurityOptions&quot;:[&quot;name=seccomp,profile=unconfined&quot;],&quot;Warnings&quot;:[&quot;WARNING: No blkio throttle.read_bps_device support&quot;,&quot;WARNING: No blkio throttle.write_bps_device support&quot;,&quot;WARNING: No blkio throttle.read_iops_device support&quot;,&quot;WARNING: No blkio throttle.write_iops_device support&quot;,&quot;WARNING: daemon is not using the default seccomp profile&quot;]}[\n]&quot;
17:51:56.450 [main] DEBUG com.github.dockerjava.zerodep.shaded.org.apache.hc.client5.http.wire - http-outgoing-0 &lt;&lt; &quot;[\r][\n]&quot;
17:51:56.450 [main] DEBUG com.github.dockerjava.zerodep.shaded.org.apache.hc.client5.http.wire - http-outgoing-0 &lt;&lt; &quot;0[\r][\n]&quot;
17:51:56.451 [main] DEBUG com.github.dockerjava.zerodep.shaded.org.apache.hc.client5.http.wire - http-outgoing-0 &lt;&lt; &quot;[\r][\n]&quot;
17:51:56.467 [main] DEBUG com.github.dockerjava.zerodep.shaded.org.apache.hc.client5.http.headers - http-outgoing-0 &lt;&lt; HTTP/1.1 200 OK
17:51:56.468 [main] DEBUG com.github.dockerjava.zerodep.shaded.org.apache.hc.client5.http.headers - http-outgoing-0 &lt;&lt; Api-Version: 1.43
17:51:56.468 [main] DEBUG com.github.dockerjava.zerodep.shaded.org.apache.hc.client5.http.headers - http-outgoing-0 &lt;&lt; Content-Type: application/json
17:51:56.468 [main] DEBUG com.github.dockerjava.zerodep.shaded.org.apache.hc.client5.http.headers - http-outgoing-0 &lt;&lt; Date: Mon, 14 Aug 2023 17:51:56 GMT
17:51:56.469 [main] DEBUG com.github.dockerjava.zerodep.shaded.org.apache.hc.client5.http.headers - http-outgoing-0 &lt;&lt; Docker-Experimental: false
17:51:56.472 [main] DEBUG com.github.dockerjava.zerodep.shaded.org.apache.hc.client5.http.headers - http-outgoing-0 &lt;&lt; Ostype: linux
17:51:56.472 [main] DEBUG com.github.dockerjava.zerodep.shaded.org.apache.hc.client5.http.headers - http-outgoing-0 &lt;&lt; Server: Docker/24.0.5 (linux)
17:51:56.472 [main] DEBUG com.github.dockerjava.zerodep.shaded.org.apache.hc.client5.http.headers - http-outgoing-0 &lt;&lt; Transfer-Encoding: chunked
17:51:56.514 [main] DEBUG com.github.dockerjava.zerodep.shaded.org.apache.hc.client5.http.impl.classic.MainClientExec - ex-00000001: connection can be kept alive for 3 MINUTES
17:51:56.809 [main] DEBUG com.github.dockerjava.zerodep.shaded.org.apache.hc.client5.http.impl.classic.InternalHttpClient - ep-00000000: releasing valid endpoint
17:51:56.809 [main] DEBUG com.github.dockerjava.zerodep.shaded.org.apache.hc.client5.http.impl.io.PoolingHttpClientConnectionManager - ep-00000000: releasing endpoint
17:51:56.809 [main] DEBUG com.github.dockerjava.zerodep.shaded.org.apache.hc.client5.http.impl.io.PoolingHttpClientConnectionManager - ep-00000000: connection http-outgoing-0 can be kept alive for 3 MINUTES
17:51:56.811 [main] DEBUG com.github.dockerjava.zerodep.shaded.org.apache.hc.client5.http.impl.io.PoolingHttpClientConnectionManager - ep-00000000: connection released [route: {}-&gt;npipe://localhost:2375][total available: 1; route allocated: 1 of 2147483647; total allocated: 1 of 2147483647]
17:51:56.813 [main] INFO org.testcontainers.dockerclient.DockerClientProviderStrategy - Found Docker environment with local Npipe socket (npipe:////./pipe/docker_engine)
17:51:56.814 [main] DEBUG org.testcontainers.dockerclient.DockerClientProviderStrategy - Transport type: &apos;httpclient5&apos;, Docker host: &apos;npipe:////./pipe/docker_engine&apos;
17:51:56.814 [main] DEBUG org.testcontainers.dockerclient.DockerClientProviderStrategy - Checking Docker OS type for local Npipe socket (npipe:////./pipe/docker_engine)
17:51:56.819 [main] INFO org.testcontainers.DockerClientFactory - Docker host IP address is localhost
17:51:56.819 [main] DEBUG org.testcontainers.DockerClientFactory - Docker info: {NGoroutines=146, Name=docker-desktop, Swarm={NodeID=, NodeAddr=, LocalNodeState=inactive, ControlAvailable=false, Error=, RemoteManagers=null}, RuncCommit={ID=v1.1.7-0-g860f061, Expected=v1.1.7-0-g860f061}, OSVersion=, Runtimes={io.containerd.runc.v2={path=runc}, runc={path=runc}}, ID=a6d44dbd-78f8-4c18-bf19-bfeaf664f37a, DriverStatus=[[Backing Filesystem, extfs], [Supports d_type, true], [Using metacopy, false], [Native Overlay Diff, true], [userxattr, false]], BridgeNfIptables=true, LiveRestoreEnabled=false, SystemTime=2023-08-14T14:50:18.098143308Z, NoProxy=hubproxy.docker.internal, Architecture=x86_64, NEventsListener=49, HttpsProxy=http.docker.internal:3128, Images=3, ContainersRunning=0, Labels=[], InitCommit={ID=de40ad0, Expected=de40ad0}, NFd=84, KernelVersion=5.10.102.1-microsoft-standard-WSL2, LoggingDriver=json-file, OSType=linux, SecurityOptions=[name=seccomp,profile=unconfined], ContainerdCommit={ID=3dce8eb055cbb6872793272b4f20ed16117344f8, Expected=3dce8eb055cbb6872793272b4f20ed16117344f8}, GenericResources=null, KernelMemory=true, OperatingSystem=Docker Desktop, RegistryConfig={AllowNondistributableArtifactsCIDRs=null, AllowNondistributableArtifactsHostnames=null, InsecureRegistryCIDRs=[127.0.0.0/8], IndexConfigs={docker.io={Name=docker.io, Mirrors=[], Secure=true, Official=true}, hubproxy.docker.internal:5555={Name=hubproxy.docker.internal:5555, Mirrors=[], Secure=false, Official=false}}, Mirrors=null}, ServerVersion=24.0.5, OomKillDisable=true, CpuCfsQuota=true, Containers=0, Driver=overlay2, KernelMemoryTCP=true, IPv4Forwarding=true, ExperimentalBuild=false, DockerRootDir=/var/lib/docker, CPUSet=true, CpuCfsPeriod=true, DefaultRuntime=runc, CPUShares=true, Debug=false, NCPU=4, Plugins={Volume=[local], Network=[bridge, host, ipvlan, macvlan, null, overlay], Authorization=null, Log=[awslogs, fluentd, gcplogs, gelf, journald, json-file, local, logentries, splunk, syslog]}, SwapLimit=true, CgroupDriver=cgroupfs, ContainersPaused=0, MemTotal=4909346816, IndexServerAddress=https://index.docker.io/v1/, MemoryLimit=true, HttpProxy=http.docker.internal:3128, InitBinary=docker-init, CgroupVersion=1, PidsLimit=true, Isolation=, BridgeNfIp6tables=true, Warnings=[WARNING: No blkio throttle.read_bps_device support, WARNING: No blkio throttle.write_bps_device support, WARNING: No blkio throttle.read_iops_device support, WARNING: No blkio throttle.write_iops_device support, WARNING: daemon is not using the default seccomp profile], ContainersStopped=0}
17:51:56.828 [main] DEBUG org.testcontainers.shaded.com.github.dockerjava.core.command.AbstrDockerCmd - Cmd: 
17:51:56.831 [main] DEBUG com.github.dockerjava.zerodep.shaded.org.apache.hc.client5.http.impl.classic.InternalHttpClient - ex-00000002: preparing request execution
17:51:56.832 [main] DEBUG com.github.dockerjava.zerodep.shaded.org.apache.hc.client5.http.protocol.RequestAddCookies - Cookie spec selected: strict
17:51:56.832 [main] DEBUG com.github.dockerjava.zerodep.shaded.org.apache.hc.client5.http.protocol.RequestAuthCache - Auth cache not set in the context
17:51:56.832 [main] DEBUG com.github.dockerjava.zerodep.shaded.org.apache.hc.client5.http.impl.classic.ProtocolExec - ex-00000002: target auth state: UNCHALLENGED
17:51:56.832 [main] DEBUG com.github.dockerjava.zerodep.shaded.org.apache.hc.client5.http.impl.classic.ProtocolExec - ex-00000002: proxy auth state: UNCHALLENGED
17:51:56.832 [main] DEBUG com.github.dockerjava.zerodep.shaded.org.apache.hc.client5.http.impl.classic.ConnectExec - ex-00000002: acquiring connection with route {}-&gt;npipe://localhost:2375
17:51:56.832 [main] DEBUG com.github.dockerjava.zerodep.shaded.org.apache.hc.client5.http.impl.classic.InternalHttpClient - ex-00000002: acquiring endpoint (3 MINUTES)
17:51:56.834 [main] DEBUG com.github.dockerjava.zerodep.shaded.org.apache.hc.client5.http.impl.io.PoolingHttpClientConnectionManager - ex-00000002: endpoint lease request (3 MINUTES) [route: {}-&gt;npipe://localhost:2375][total available: 1; route allocated: 1 of 2147483647; total allocated: 1 of 2147483647]
17:51:56.835 [main] DEBUG com.github.dockerjava.zerodep.shaded.org.apache.hc.client5.http.impl.io.PoolingHttpClientConnectionManager - ex-00000002: endpoint leased [route: {}-&gt;npipe://localhost:2375][total available: 0; route allocated: 1 of 2147483647; total allocated: 1 of 2147483647]
17:51:56.836 [main] DEBUG com.github.dockerjava.zerodep.shaded.org.apache.hc.client5.http.impl.io.PoolingHttpClientConnectionManager - ex-00000002: acquired ep-00000001
17:51:56.837 [main] DEBUG com.github.dockerjava.zerodep.shaded.org.apache.hc.client5.http.impl.classic.InternalHttpClient - ex-00000002: acquired endpoint ep-00000001
17:51:56.838 [main] DEBUG com.github.dockerjava.zerodep.shaded.org.apache.hc.client5.http.impl.classic.MainClientExec - ex-00000002: executing GET /v1.32/version HTTP/1.1
17:51:56.838 [main] DEBUG com.github.dockerjava.zerodep.shaded.org.apache.hc.client5.http.impl.classic.InternalHttpClient - ep-00000001: start execution ex-00000002
17:51:56.838 [main] DEBUG com.github.dockerjava.zerodep.shaded.org.apache.hc.client5.http.impl.io.PoolingHttpClientConnectionManager - ep-00000001: executing exchange ex-00000002 over http-outgoing-0
17:51:56.839 [main] DEBUG com.github.dockerjava.zerodep.shaded.org.apache.hc.client5.http.headers - http-outgoing-0 &gt;&gt; GET /v1.32/version HTTP/1.1
17:51:56.839 [main] DEBUG com.github.dockerjava.zerodep.shaded.org.apache.hc.client5.http.headers - http-outgoing-0 &gt;&gt; accept: application/json
17:51:56.839 [main] DEBUG com.github.dockerjava.zerodep.shaded.org.apache.hc.client5.http.headers - http-outgoing-0 &gt;&gt; x-tc-sid: 2e83e22e-e672-4754-b852-5ac7974dddc6
17:51:56.839 [main] DEBUG com.github.dockerjava.zerodep.shaded.org.apache.hc.client5.http.headers - http-outgoing-0 &gt;&gt; Accept-Encoding: gzip, x-gzip, deflate
17:51:56.839 [main] DEBUG com.github.dockerjava.zerodep.shaded.org.apache.hc.client5.http.headers - http-outgoing-0 &gt;&gt; Host: localhost:2375
17:51:56.839 [main] DEBUG com.github.dockerjava.zerodep.shaded.org.apache.hc.client5.http.headers - http-outgoing-0 &gt;&gt; Connection: keep-alive
17:51:56.839 [main] DEBUG com.github.dockerjava.zerodep.shaded.org.apache.hc.client5.http.headers - http-outgoing-0 &gt;&gt; User-Agent: Apache-HttpClient/5.0.3 (Java/19.0.2)
17:51:56.840 [main] DEBUG com.github.dockerjava.zerodep.shaded.org.apache.hc.client5.http.wire - http-outgoing-0 &gt;&gt; &quot;GET /v1.32/version HTTP/1.1[\r][\n]&quot;
17:51:56.840 [main] DEBUG com.github.dockerjava.zerodep.shaded.org.apache.hc.client5.http.wire - http-outgoing-0 &gt;&gt; &quot;accept: application/json[\r][\n]&quot;
17:51:56.840 [main] DEBUG com.github.dockerjava.zerodep.shaded.org.apache.hc.client5.http.wire - http-outgoing-0 &gt;&gt; &quot;x-tc-sid: 2e83e22e-e672-4754-b852-5ac7974dddc6[\r][\n]&quot;
17:51:56.840 [main] DEBUG com.github.dockerjava.zerodep.shaded.org.apache.hc.client5.http.wire - http-outgoing-0 &gt;&gt; &quot;Accept-Encoding: gzip, x-gzip, deflate[\r][\n]&quot;
17:51:56.841 [main] DEBUG com.github.dockerjava.zerodep.shaded.org.apache.hc.client5.http.wire - http-outgoing-0 &gt;&gt; &quot;Host: localhost:2375[\r][\n]&quot;
17:51:56.841 [main] DEBUG com.github.dockerjava.zerodep.shaded.org.apache.hc.client5.http.wire - http-outgoing-0 &gt;&gt; &quot;Connection: keep-alive[\r][\n]&quot;
17:51:56.842 [main] DEBUG com.github.dockerjava.zerodep.shaded.org.apache.hc.client5.http.wire - http-outgoing-0 &gt;&gt; &quot;User-Agent: Apache-HttpClient/5.0.3 (Java/19.0.2)[\r][\n]&quot;
17:51:56.845 [main] DEBUG com.github.dockerjava.zerodep.shaded.org.apache.hc.client5.http.wire - http-outgoing-0 &gt;&gt; &quot;[\r][\n]&quot;
17:51:56.851 [main] DEBUG com.github.dockerjava.zerodep.shaded.org.apache.hc.client5.http.wire - http-outgoing-0 &lt;&lt; &quot;HTTP/1.1 200 OK[\r][\n]&quot;
17:51:56.851 [main] DEBUG com.github.dockerjava.zerodep.shaded.org.apache.hc.client5.http.wire - http-outgoing-0 &lt;&lt; &quot;Api-Version: 1.43[\r][\n]&quot;
17:51:56.851 [main] DEBUG com.github.dockerjava.zerodep.shaded.org.apache.hc.client5.http.wire - http-outgoing-0 &lt;&lt; &quot;Content-Type: application/json[\r][\n]&quot;
17:51:56.851 [main] DEBUG com.github.dockerjava.zerodep.shaded.org.apache.hc.client5.http.wire - http-outgoing-0 &lt;&lt; &quot;Date: Mon, 14 Aug 2023 17:51:56 GMT[\r][\n]&quot;
17:51:56.852 [main] DEBUG com.github.dockerjava.zerodep.shaded.org.apache.hc.client5.http.wire - http-outgoing-0 &lt;&lt; &quot;Docker-Experimental: false[\r][\n]&quot;
17:51:56.852 [main] DEBUG com.github.dockerjava.zerodep.shaded.org.apache.hc.client5.http.wire - http-outgoing-0 &lt;&lt; &quot;Ostype: linux[\r][\n]&quot;
17:51:56.854 [main] DEBUG com.github.dockerjava.zerodep.shaded.org.apache.hc.client5.http.wire - http-outgoing-0 &lt;&lt; &quot;Server: Docker/24.0.5 (linux)[\r][\n]&quot;
17:51:56.854 [main] DEBUG com.github.dockerjava.zerodep.shaded.org.apache.hc.client5.http.wire - http-outgoing-0 &lt;&lt; &quot;Content-Length: 861[\r][\n]&quot;
17:51:56.854 [main] DEBUG com.github.dockerjava.zerodep.shaded.org.apache.hc.client5.http.wire - http-outgoing-0 &lt;&lt; &quot;[\r][\n]&quot;
17:51:56.854 [main] DEBUG com.github.dockerjava.zerodep.shaded.org.apache.hc.client5.http.wire - http-outgoing-0 &lt;&lt; &quot;{&quot;Platform&quot;:{&quot;Name&quot;:&quot;Docker Desktop 4.22.0 (117440)&quot;},&quot;Components&quot;:[{&quot;Name&quot;:&quot;Engine&quot;,&quot;Version&quot;:&quot;24.0.5&quot;,&quot;Details&quot;:{&quot;ApiVersion&quot;:&quot;1.43&quot;,&quot;Arch&quot;:&quot;amd64&quot;,&quot;BuildTime&quot;:&quot;2023-07-21T20:35:45.000000000+00:00&quot;,&quot;Experimental&quot;:&quot;false&quot;,&quot;GitCommit&quot;:&quot;a61e2b4&quot;,&quot;GoVersion&quot;:&quot;go1.20.6&quot;,&quot;KernelVersion&quot;:&quot;5.10.102.1-microsoft-standard-WSL2&quot;,&quot;MinAPIVersion&quot;:&quot;1.12&quot;,&quot;Os&quot;:&quot;linux&quot;}},{&quot;Name&quot;:&quot;containerd&quot;,&quot;Version&quot;:&quot;1.6.21&quot;,&quot;Details&quot;:{&quot;GitCommit&quot;:&quot;3dce8eb055cbb6872793272b4f20ed16117344f8&quot;}},{&quot;Name&quot;:&quot;runc&quot;,&quot;Version&quot;:&quot;1.1.7&quot;,&quot;Details&quot;:{&quot;GitCommit&quot;:&quot;v1.1.7-0-g860f061&quot;}},{&quot;Name&quot;:&quot;docker-init&quot;,&quot;Version&quot;:&quot;0.19.0&quot;,&quot;Details&quot;:{&quot;GitCommit&quot;:&quot;de40ad0&quot;}}],&quot;Version&quot;:&quot;24.0.5&quot;,&quot;ApiVersion&quot;:&quot;1.43&quot;,&quot;MinAPIVersion&quot;:&quot;1.12&quot;,&quot;GitCommit&quot;:&quot;a61e2b4&quot;,&quot;GoVersion&quot;:&quot;go1.20.6&quot;,&quot;Os&quot;:&quot;linux&quot;,&quot;Arch&quot;:&quot;amd64&quot;,&quot;KernelVersion&quot;:&quot;5.10.102.1-microsoft-standard-WSL2&quot;,&quot;BuildTime&quot;:&quot;2023-07-21T20:35:45.000000000+00:00&quot;}[\n]&quot;
17:51:56.855 [main] DEBUG com.github.dockerjava.zerodep.shaded.org.apache.hc.client5.http.headers - http-outgoing-0 &lt;&lt; HTTP/1.1 200 OK
17:51:56.856 [main] DEBUG com.github.dockerjava.zerodep.shaded.org.apache.hc.client5.http.headers - http-outgoing-0 &lt;&lt; Api-Version: 1.43
17:51:56.856 [main] DEBUG com.github.dockerjava.zerodep.shaded.org.apache.hc.client5.http.headers - http-outgoing-0 &lt;&lt; Content-Type: application/json
17:51:56.856 [main] DEBUG com.github.dockerjava.zerodep.shaded.org.apache.hc.client5.http.headers - http-outgoing-0 &lt;&lt; Date: Mon, 14 Aug 2023 17:51:56 GMT
17:51:56.857 [main] DEBUG com.github.dockerjava.zerodep.shaded.org.apache.hc.client5.http.headers - http-outgoing-0 &lt;&lt; Docker-Experimental: false
17:51:56.857 [main] DEBUG com.github.dockerjava.zerodep.shaded.org.apache.hc.client5.http.headers - http-outgoing-0 &lt;&lt; Ostype: linux
17:51:56.857 [main] DEBUG com.github.dockerjava.zerodep.shaded.org.apache.hc.client5.http.headers - http-outgoing-0 &lt;&lt; Server: Docker/24.0.5 (linux)
17:51:56.857 [main] DEBUG com.github.dockerjava.zerodep.shaded.org.apache.hc.client5.http.headers - http-outgoing-0 &lt;&lt; Content-Length: 861
17:51:56.858 [main] DEBUG com.github.dockerjava.zerodep.shaded.org.apache.hc.client5.http.impl.classic.MainClientExec - ex-00000002: connection can be kept alive for 3 MINUTES
17:51:56.879 [main] DEBUG com.github.dockerjava.zerodep.shaded.org.apache.hc.client5.http.impl.classic.InternalHttpClient - ep-00000001: releasing valid endpoint
17:51:56.879 [main] DEBUG com.github.dockerjava.zerodep.shaded.org.apache.hc.client5.http.impl.io.PoolingHttpClientConnectionManager - ep-00000001: releasing endpoint
17:51:56.879 [main] DEBUG com.github.dockerjava.zerodep.shaded.org.apache.hc.client5.http.impl.io.PoolingHttpClientConnectionManager - ep-00000001: connection http-outgoing-0 can be kept alive for 3 MINUTES
17:51:56.880 [main] DEBUG com.github.dockerjava.zerodep.shaded.org.apache.hc.client5.http.impl.io.PoolingHttpClientConnectionManager - ep-00000001: connection released [route: {}-&gt;npipe://localhost:2375][total available: 1; route allocated: 1 of 2147483647; total allocated: 1 of 2147483647]
17:51:56.880 [main] DEBUG org.testcontainers.DockerClientFactory - Docker version: {Components=[{Name=Engine, Version=24.0.5, Details={ApiVersion=1.43, Arch=amd64, BuildTime=2023-07-21T20:35:45.000000000+00:00, Experimental=false, GitCommit=a61e2b4, GoVersion=go1.20.6, KernelVersion=5.10.102.1-microsoft-standard-WSL2, MinAPIVersion=1.12, Os=linux}}, {Name=containerd, Version=1.6.21, Details={GitCommit=3dce8eb055cbb6872793272b4f20ed16117344f8}}, {Name=runc, Version=1.1.7, Details={GitCommit=v1.1.7-0-g860f061}}, {Name=docker-init, Version=0.19.0, Details={GitCommit=de40ad0}}], KernelVersion=5.10.102.1-microsoft-standard-WSL2, ApiVersion=1.43, Platform={Name=Docker Desktop 4.22.0 (117440)}, GitCommit=a61e2b4, Os=linux, Version=24.0.5, MinAPIVersion=1.12, Arch=amd64, GoVersion=go1.20.6, BuildTime=2023-07-21T20:35:45.000000000+00:00}
17:51:56.881 [main] INFO org.testcontainers.DockerClientFactory - Connected to docker: 
  Server Version: 24.0.5
  API Version: 1.43
  Operating System: Docker Desktop
  Total Memory: 4681 MB
17:51:56.907 [main] DEBUG org.testcontainers.utility.RyukResourceReaper - Ryuk is enabled
17:51:56.914 [main] DEBUG org.testcontainers.utility.PrefixingImageNameSubstitutor - No prefix is configured
17:51:56.914 [main] DEBUG org.testcontainers.utility.ImageNameSubstitutor - Did not find a substitute image for testcontainers/ryuk:0.4.0 (using image substitutor: DefaultImageNameSubstitutor (composite of &apos;ConfigurationFileImageNameSubstitutor&apos; and &apos;PrefixingImageNameSubstitutor&apos;))
17:51:56.920 [main] DEBUG org.testcontainers.shaded.com.github.dockerjava.core.command.AbstrDockerCmd - Cmd: ListImagesCmdImpl[filters=org.testcontainers.shaded.com.github.dockerjava.core.util.FiltersBuilder@0,imageNameFilter=&lt;null&gt;,showAll=false]
17:51:56.928 [main] DEBUG com.github.dockerjava.zerodep.shaded.org.apache.hc.client5.http.impl.classic.InternalHttpClient - ex-00000003: preparing request execution
17:51:56.928 [main] DEBUG com.github.dockerjava.zerodep.shaded.org.apache.hc.client5.http.protocol.RequestAddCookies - Cookie spec selected: strict
17:51:56.928 [main] DEBUG com.github.dockerjava.zerodep.shaded.org.apache.hc.client5.http.protocol.RequestAuthCache - Auth cache not set in the context
17:51:56.928 [main] DEBUG com.github.dockerjava.zerodep.shaded.org.apache.hc.client5.http.impl.classic.ProtocolExec - ex-00000003: target auth state: UNCHALLENGED
17:51:56.928 [main] DEBUG com.github.dockerjava.zerodep.shaded.org.apache.hc.client5.http.impl.classic.ProtocolExec - ex-00000003: proxy auth state: UNCHALLENGED
17:51:56.929 [main] DEBUG com.github.dockerjava.zerodep.shaded.org.apache.hc.client5.http.impl.classic.ConnectExec - ex-00000003: acquiring connection with route {}-&gt;npipe://localhost:2375
17:51:56.929 [main] DEBUG com.github.dockerjava.zerodep.shaded.org.apache.hc.client5.http.impl.classic.InternalHttpClient - ex-00000003: acquiring endpoint (3 MINUTES)
17:51:56.929 [main] DEBUG com.github.dockerjava.zerodep.shaded.org.apache.hc.client5.http.impl.io.PoolingHttpClientConnectionManager - ex-00000003: endpoint lease request (3 MINUTES) [route: {}-&gt;npipe://localhost:2375][total available: 1; route allocated: 1 of 2147483647; total allocated: 1 of 2147483647]
17:51:56.929 [main] DEBUG com.github.dockerjava.zerodep.shaded.org.apache.hc.client5.http.impl.io.PoolingHttpClientConnectionManager - ex-00000003: endpoint leased [route: {}-&gt;npipe://localhost:2375][total available: 0; route allocated: 1 of 2147483647; total allocated: 1 of 2147483647]
17:51:56.930 [main] DEBUG com.github.dockerjava.zerodep.shaded.org.apache.hc.client5.http.impl.io.PoolingHttpClientConnectionManager - ex-00000003: acquired ep-00000002
17:51:56.930 [main] DEBUG com.github.dockerjava.zerodep.shaded.org.apache.hc.client5.http.impl.classic.InternalHttpClient - ex-00000003: acquired endpoint ep-00000002
17:51:56.930 [main] DEBUG com.github.dockerjava.zerodep.shaded.org.apache.hc.client5.http.impl.classic.MainClientExec - ex-00000003: executing GET /v1.32/images/json HTTP/1.1
17:51:56.931 [main] DEBUG com.github.dockerjava.zerodep.shaded.org.apache.hc.client5.http.impl.classic.InternalHttpClient - ep-00000002: start execution ex-00000003
17:51:56.932 [main] DEBUG com.github.dockerjava.zerodep.shaded.org.apache.hc.client5.http.impl.io.PoolingHttpClientConnectionManager - ep-00000002: executing exchange ex-00000003 over http-outgoing-0
17:51:56.933 [main] DEBUG com.github.dockerjava.zerodep.shaded.org.apache.hc.client5.http.headers - http-outgoing-0 &gt;&gt; GET /v1.32/images/json HTTP/1.1
17:51:56.933 [main] DEBUG com.github.dockerjava.zerodep.shaded.org.apache.hc.client5.http.headers - http-outgoing-0 &gt;&gt; accept: application/json
17:51:56.933 [main] DEBUG com.github.dockerjava.zerodep.shaded.org.apache.hc.client5.http.headers - http-outgoing-0 &gt;&gt; x-tc-sid: 2e83e22e-e672-4754-b852-5ac7974dddc6
17:51:56.933 [main] DEBUG com.github.dockerjava.zerodep.shaded.org.apache.hc.client5.http.headers - http-outgoing-0 &gt;&gt; Accept-Encoding: gzip, x-gzip, deflate
17:51:56.933 [main] DEBUG com.github.dockerjava.zerodep.shaded.org.apache.hc.client5.http.headers - http-outgoing-0 &gt;&gt; Host: localhost:2375
17:51:56.933 [main] DEBUG com.github.dockerjava.zerodep.shaded.org.apache.hc.client5.http.headers - http-outgoing-0 &gt;&gt; Connection: keep-alive
17:51:56.933 [main] DEBUG com.github.dockerjava.zerodep.shaded.org.apache.hc.client5.http.headers - http-outgoing-0 &gt;&gt; User-Agent: Apache-HttpClient/5.0.3 (Java/19.0.2)
17:51:56.933 [main] DEBUG com.github.dockerjava.zerodep.shaded.org.apache.hc.client5.http.wire - http-outgoing-0 &gt;&gt; &quot;GET /v1.32/images/json HTTP/1.1[\r][\n]&quot;
17:51:56.934 [main] DEBUG com.github.dockerjava.zerodep.shaded.org.apache.hc.client5.http.wire - http-outgoing-0 &gt;&gt; &quot;accept: application/json[\r][\n]&quot;
17:51:56.934 [main] DEBUG com.github.dockerjava.zerodep.shaded.org.apache.hc.client5.http.wire - http-outgoing-0 &gt;&gt; &quot;x-tc-sid: 2e83e22e-e672-4754-b852-5ac7974dddc6[\r][\n]&quot;
17:51:56.934 [main] DEBUG com.github.dockerjava.zerodep.shaded.org.apache.hc.client5.http.wire - http-outgoing-0 &gt;&gt; &quot;Accept-Encoding: gzip, x-gzip, deflate[\r][\n]&quot;
17:51:56.934 [main] DEBUG com.github.dockerjava.zerodep.shaded.org.apache.hc.client5.http.wire - http-outgoing-0 &gt;&gt; &quot;Host: localhost:2375[\r][\n]&quot;
17:51:56.934 [main] DEBUG com.github.dockerjava.zerodep.shaded.org.apache.hc.client5.http.wire - http-outgoing-0 &gt;&gt; &quot;Connection: keep-alive[\r][\n]&quot;
17:51:56.935 [main] DEBUG com.github.dockerjava.zerodep.shaded.org.apache.hc.client5.http.wire - http-outgoing-0 &gt;&gt; &quot;User-Agent: Apache-HttpClient/5.0.3 (Java/19.0.2)[\r][\n]&quot;
17:51:56.935 [main] DEBUG com.github.dockerjava.zerodep.shaded.org.apache.hc.client5.http.wire - http-outgoing-0 &gt;&gt; &quot;[\r][\n]&quot;
17:51:56.937 [main] DEBUG com.github.dockerjava.zerodep.shaded.org.apache.hc.client5.http.wire - http-outgoing-0 &lt;&lt; &quot;HTTP/1.1 200 OK[\r][\n]&quot;
17:51:56.937 [main] DEBUG com.github.dockerjava.zerodep.shaded.org.apache.hc.client5.http.wire - http-outgoing-0 &lt;&lt; &quot;Api-Version: 1.43[\r][\n]&quot;
17:51:56.937 [main] DEBUG com.github.dockerjava.zerodep.shaded.org.apache.hc.client5.http.wire - http-outgoing-0 &lt;&lt; &quot;Content-Type: application/json[\r][\n]&quot;
17:51:56.937 [main] DEBUG com.github.dockerjava.zerodep.shaded.org.apache.hc.client5.http.wire - http-outgoing-0 &lt;&lt; &quot;Date: Mon, 14 Aug 2023 17:51:56 GMT[\r][\n]&quot;
17:51:56.937 [main] DEBUG com.github.dockerjava.zerodep.shaded.org.apache.hc.client5.http.wire - http-outgoing-0 &lt;&lt; &quot;Docker-Experimental: false[\r][\n]&quot;
17:51:56.937 [main] DEBUG com.github.dockerjava.zerodep.shaded.org.apache.hc.client5.http.wire - http-outgoing-0 &lt;&lt; &quot;Ostype: linux[\r][\n]&quot;
17:51:56.937 [main] DEBUG com.github.dockerjava.zerodep.shaded.org.apache.hc.client5.http.wire - http-outgoing-0 &lt;&lt; &quot;Server: Docker/24.0.5 (linux)[\r][\n]&quot;
17:51:56.937 [main] DEBUG com.github.dockerjava.zerodep.shaded.org.apache.hc.client5.http.wire - http-outgoing-0 &lt;&lt; &quot;Content-Length: 1066[\r][\n]&quot;
17:51:56.938 [main] DEBUG com.github.dockerjava.zerodep.shaded.org.apache.hc.client5.http.wire - http-outgoing-0 &lt;&lt; &quot;[\r][\n]&quot;
17:51:56.938 [main] DEBUG com.github.dockerjava.zerodep.shaded.org.apache.hc.client5.http.wire - http-outgoing-0 &lt;&lt; &quot;[{&quot;Containers&quot;:-1,&quot;Created&quot;:1690541281,&quot;Id&quot;:&quot;sha256:8769343ac885ab5fe04ba515dc06f92e6959e75357b328303f15849acf9ccd0d&quot;,&quot;Labels&quot;:null,&quot;ParentId&quot;:&quot;&quot;,&quot;RepoDigests&quot;:[&quot;postgres@sha256:8775adb39f0db45cf4cdb3601380312ee5e9c4f53af0f89b7dc5cd4c9a78e4e8&quot;],&quot;RepoTags&quot;:[&quot;postgres:15&quot;],&quot;SharedSize&quot;:-1,&quot;Size&quot;:411836535,&quot;VirtualSize&quot;:411836535},{&quot;Containers&quot;:-1,&quot;Created&quot;:1678438354,&quot;Id&quot;:&quot;sha256:2e306eb8aa06255c4f736b2bcf446760cae7cf9e947651ba8272f34c3e94ffa7&quot;,&quot;Labels&quot;:{&quot;org.testcontainers.ryuk&quot;:&quot;true&quot;},&quot;ParentId&quot;:&quot;&quot;,&quot;RepoDigests&quot;:[&quot;testcontainers/ryuk@sha256:b874cc015594f275ad3ffb6a135c015c52ce04a2eba377c963abe25a84628167&quot;],&quot;RepoTags&quot;:[&quot;testcontainers/ryuk:0.4.0&quot;],&quot;SharedSize&quot;:-1,&quot;Size&quot;:12686755,&quot;VirtualSize&quot;:12686755},{&quot;Containers&quot;:-1,&quot;Created&quot;:1670360279,&quot;Id&quot;:&quot;sha256:d7ac8f6532072d0f927f2ae376db9bfa2fd955c4c317e5914edc65000901b76a&quot;,&quot;Labels&quot;:null,&quot;ParentId&quot;:&quot;&quot;,&quot;RepoDigests&quot;:[&quot;liquibase/liquibase@sha256:5a942ca2f0bf2ddd39186f9e7f28af6a1972a76a36c9d20e63176b4ee1df2949&quot;],&quot;RepoTags&quot;:[&quot;liquibase/liquibase:4.18&quot;],&quot;SharedSize&quot;:-1,&quot;Size&quot;:434404164,&quot;VirtualSize&quot;:434404164}][\n]&quot;
17:51:56.938 [main] DEBUG com.github.dockerjava.zerodep.shaded.org.apache.hc.client5.http.headers - http-outgoing-0 &lt;&lt; HTTP/1.1 200 OK
17:51:56.939 [main] DEBUG com.github.dockerjava.zerodep.shaded.org.apache.hc.client5.http.headers - http-outgoing-0 &lt;&lt; Api-Version: 1.43
17:51:56.939 [main] DEBUG com.github.dockerjava.zerodep.shaded.org.apache.hc.client5.http.headers - http-outgoing-0 &lt;&lt; Content-Type: application/json
17:51:56.939 [main] DEBUG com.github.dockerjava.zerodep.shaded.org.apache.hc.client5.http.headers - http-outgoing-0 &lt;&lt; Date: Mon, 14 Aug 2023 17:51:56 GMT
17:51:56.939 [main] DEBUG com.github.dockerjava.zerodep.shaded.org.apache.hc.client5.http.headers - http-outgoing-0 &lt;&lt; Docker-Experimental: false
17:51:56.939 [main] DEBUG com.github.dockerjava.zerodep.shaded.org.apache.hc.client5.http.headers - http-outgoing-0 &lt;&lt; Ostype: linux
17:51:56.939 [main] DEBUG com.github.dockerjava.zerodep.shaded.org.apache.hc.client5.http.headers - http-outgoing-0 &lt;&lt; Server: Docker/24.0.5 (linux)
17:51:56.939 [main] DEBUG com.github.dockerjava.zerodep.shaded.org.apache.hc.client5.http.headers - http-outgoing-0 &lt;&lt; Content-Length: 1066
17:51:56.939 [main] DEBUG com.github.dockerjava.zerodep.shaded.org.apache.hc.client5.http.impl.classic.MainClientExec - ex-00000003: connection can be kept alive for 3 MINUTES
17:51:56.950 [main] DEBUG com.github.dockerjava.zerodep.shaded.org.apache.hc.client5.http.impl.classic.InternalHttpClient - ep-00000002: releasing valid endpoint
17:51:56.950 [main] DEBUG com.github.dockerjava.zerodep.shaded.org.apache.hc.client5.http.impl.io.PoolingHttpClientConnectionManager - ep-00000002: releasing endpoint
17:51:56.950 [main] DEBUG com.github.dockerjava.zerodep.shaded.org.apache.hc.client5.http.impl.io.PoolingHttpClientConnectionManager - ep-00000002: connection http-outgoing-0 can be kept alive for 3 MINUTES
17:51:56.951 [main] DEBUG com.github.dockerjava.zerodep.shaded.org.apache.hc.client5.http.impl.io.PoolingHttpClientConnectionManager - ep-00000002: connection released [route: {}-&gt;npipe://localhost:2375][total available: 1; route allocated: 1 of 2147483647; total allocated: 1 of 2147483647]
17:51:56.958 [main] DEBUG org.testcontainers.images.AbstractImagePullPolicy - Using locally available and not pulling image: testcontainers/ryuk:0.4.0
17:51:56.958 [main] DEBUG tc.testcontainers/ryuk:0.4.0 - Starting container: testcontainers/ryuk:0.4.0
17:51:56.961 [main] DEBUG tc.testcontainers/ryuk:0.4.0 - Trying to start container: testcontainers/ryuk:0.4.0 (attempt 1/1)
17:51:56.961 [main] DEBUG tc.testcontainers/ryuk:0.4.0 - Starting container: testcontainers/ryuk:0.4.0
17:51:56.961 [main] INFO tc.testcontainers/ryuk:0.4.0 - Creating container for image: testcontainers/ryuk:0.4.0
17:51:56.972 [main] DEBUG org.testcontainers.utility.RegistryAuthLocator - Looking up auth config for image: testcontainers/ryuk:0.4.0 at registry: https://index.docker.io/v1/
17:51:56.974 [main] DEBUG org.testcontainers.utility.RegistryAuthLocator - RegistryAuthLocator has configFile: C:\Users\ga12\.docker\config.json (exists) configEnv: DOCKER_AUTH_CONFIG (does not exist) and commandPathPrefix: 
17:51:56.974 [main] DEBUG org.testcontainers.utility.RegistryAuthLocator - RegistryAuthLocator reading from configFile: C:\Users\ga12\.docker\config.json
17:51:56.975 [main] DEBUG org.testcontainers.utility.RegistryAuthLocator - registryName [https://index.docker.io/v1/] for dockerImageName [testcontainers/ryuk:0.4.0]
17:51:56.975 [main] DEBUG org.testcontainers.utility.RegistryAuthLocator - Executing docker credential provider: docker-credential-desktop to locate auth config for: https://index.docker.io/v1/
17:51:56.997 [main] DEBUG org.testcontainers.shaded.org.zeroturnaround.exec.ProcessExecutor - Executing [cmd, /c, docker-credential-desktop, get].
17:51:57.009 [main] DEBUG org.testcontainers.shaded.org.zeroturnaround.exec.ProcessExecutor - Started Process[pid=3692, exitValue=&quot;not exited&quot;]
17:51:57.289 [WaitForProcess-Process[pid=3692, exitValue=&quot;not exited&quot;]] DEBUG org.testcontainers.shaded.org.zeroturnaround.exec.WaitForProcess - Process[pid=3692, exitValue=1] stopped with exit code 1
17:51:57.293 [main] DEBUG org.testcontainers.shaded.org.zeroturnaround.exec.ProcessExecutor - Executing [cmd, /c, docker-credential-desktop, get].
17:51:57.296 [main] DEBUG org.testcontainers.shaded.org.zeroturnaround.exec.ProcessExecutor - Started Process[pid=5496, exitValue=&quot;not exited&quot;]
17:51:57.412 [WaitForProcess-Process[pid=5496, exitValue=&quot;not exited&quot;]] DEBUG org.testcontainers.shaded.org.zeroturnaround.exec.WaitForProcess - Process[pid=5496, exitValue=1] stopped with exit code 1
17:51:57.412 [main] DEBUG org.testcontainers.utility.RegistryAuthLocator - Got credentials not found error message from docker credential helper - credentials not found in native keychain
17:51:57.413 [main] INFO org.testcontainers.utility.RegistryAuthLocator - Credential helper/store (docker-credential-desktop) does not have credentials for https://index.docker.io/v1/
17:51:57.414 [main] DEBUG org.testcontainers.utility.RegistryAuthLocator - No matching Auth Configs - falling back to defaultAuthConfig [null]
17:51:57.414 [main] DEBUG org.testcontainers.dockerclient.AuthDelegatingDockerClientConfig - Effective auth config [null]
17:51:57.438 [main] DEBUG org.testcontainers.shaded.com.github.dockerjava.core.command.AbstrDockerCmd - Cmd: org.testcontainers.shaded.com.github.dockerjava.core.command.CreateContainerCmdImpl@3f446bef[aliases=&lt;null&gt;,argsEscaped=&lt;null&gt;,attachStderr=&lt;null&gt;,attachStdin=&lt;null&gt;,attachStdout=&lt;null&gt;,authConfig=&lt;null&gt;,cmd={},domainName=&lt;null&gt;,entrypoint=&lt;null&gt;,env={},exposedPorts=ExposedPorts(exposedPorts=[8080/tcp]),healthcheck=&lt;null&gt;,hostConfig=HostConfig(binds=[//var/run/docker.sock:/var/run/docker.sock:rw], blkioWeight=null, blkioWeightDevice=null, blkioDeviceReadBps=null, blkioDeviceWriteBps=null, blkioDeviceReadIOps=null, blkioDeviceWriteIOps=null, memorySwappiness=null, nanoCPUs=null, capAdd=null, capDrop=null, containerIDFile=null, cpuPeriod=null, cpuRealtimePeriod=null, cpuRealtimeRuntime=null, cpuShares=null, cpuQuota=null, cpusetCpus=null, cpusetMems=null, devices=null, deviceCgroupRules=null, deviceRequests=null, diskQuota=null, dns=null, dnsOptions=null, dnsSearch=null, extraHosts=[], groupAdd=null, ipcMode=null, cgroup=null, links=[], logConfig=LogConfig(type=null, config=null), lxcConf=null, memory=null, memorySwap=null, memoryReservation=null, kernelMemory=null, networkMode=null, oomKillDisable=null, init=null, autoRemove=true, oomScoreAdj=null, portBindings={8080/tcp=[Lcom.github.dockerjava.api.model.Ports$Binding;@55e8ec2f}, privileged=false, publishAllPorts=null, readonlyRootfs=null, restartPolicy=null, ulimits=null, cpuCount=null, cpuPercent=null, ioMaximumIOps=null, ioMaximumBandwidth=null, volumesFrom=[], mounts=null, pidMode=null, isolation=null, securityOpts=null, storageOpt=null, cgroupParent=null, volumeDriver=null, shmSize=null, pidsLimit=null, runtime=null, tmpFs=null, utSMode=null, usernsMode=null, sysctls=null, consoleSize=null, cgroupnsMode=null),hostName=&lt;null&gt;,image=testcontainers/ryuk:0.4.0,ipv4Address=&lt;null&gt;,ipv6Address=&lt;null&gt;,labels={org.testcontainers=true, org.testcontainers.lang=java, org.testcontainers.version=1.18.0},macAddress=&lt;null&gt;,name=testcontainers-ryuk-2e83e22e-e672-4754-b852-5ac7974dddc6,networkDisabled=&lt;null&gt;,networkingConfig=&lt;null&gt;,onBuild=&lt;null&gt;,platform=&lt;null&gt;,portSpecs=&lt;null&gt;,shell=&lt;null&gt;,stdInOnce=&lt;null&gt;,stdinOpen=&lt;null&gt;,stopSignal=&lt;null&gt;,stopTimeout=&lt;null&gt;,tty=&lt;null&gt;,user=&lt;null&gt;,volumes=Volumes(volumes=[]),workingDir=&lt;null&gt;]
17:51:57.668 [main] DEBUG com.github.dockerjava.zerodep.shaded.org.apache.hc.client5.http.impl.classic.InternalHttpClient - ex-00000004: preparing request execution
17:51:57.668 [main] DEBUG com.github.dockerjava.zerodep.shaded.org.apache.hc.client5.http.protocol.RequestAddCookies - Cookie spec selected: strict
17:51:57.669 [main] DEBUG com.github.dockerjava.zerodep.shaded.org.apache.hc.client5.http.protocol.RequestAuthCache - Auth cache not set in the context
17:51:57.669 [main] DEBUG com.github.dockerjava.zerodep.shaded.org.apache.hc.client5.http.impl.classic.ProtocolExec - ex-00000004: target auth state: UNCHALLENGED
17:51:57.670 [main] DEBUG com.github.dockerjava.zerodep.shaded.org.apache.hc.client5.http.impl.classic.ProtocolExec - ex-00000004: proxy auth state: UNCHALLENGED
17:51:57.670 [main] DEBUG com.github.dockerjava.zerodep.shaded.org.apache.hc.client5.http.impl.classic.ConnectExec - ex-00000004: acquiring connection with route {}-&gt;npipe://localhost:2375
17:51:57.670 [main] DEBUG com.github.dockerjava.zerodep.shaded.org.apache.hc.client5.http.impl.classic.InternalHttpClient - ex-00000004: acquiring endpoint (3 MINUTES)
17:51:57.671 [main] DEBUG com.github.dockerjava.zerodep.shaded.org.apache.hc.client5.http.impl.io.PoolingHttpClientConnectionManager - ex-00000004: endpoint lease request (3 MINUTES) [route: {}-&gt;npipe://localhost:2375][total available: 1; route allocated: 1 of 2147483647; total allocated: 1 of 2147483647]
17:51:57.671 [main] DEBUG com.github.dockerjava.zerodep.shaded.org.apache.hc.client5.http.impl.io.PoolingHttpClientConnectionManager - ex-00000004: endpoint leased [route: {}-&gt;npipe://localhost:2375][total available: 0; route allocated: 1 of 2147483647; total allocated: 1 of 2147483647]
17:51:57.672 [main] DEBUG com.github.dockerjava.zerodep.shaded.org.apache.hc.client5.http.impl.io.PoolingHttpClientConnectionManager - ex-00000004: acquired ep-00000003
17:51:57.672 [main] DEBUG com.github.dockerjava.zerodep.shaded.org.apache.hc.client5.http.impl.classic.InternalHttpClient - ex-00000004: acquired endpoint ep-00000003
17:51:57.672 [main] DEBUG com.github.dockerjava.zerodep.shaded.org.apache.hc.client5.http.impl.classic.MainClientExec - ex-00000004: executing POST /v1.32/containers/create?name=testcontainers-ryuk-2e83e22e-e672-4754-b852-5ac7974dddc6 HTTP/1.1
17:51:57.672 [main] DEBUG com.github.dockerjava.zerodep.shaded.org.apache.hc.client5.http.impl.classic.InternalHttpClient - ep-00000003: start execution ex-00000004
17:51:57.672 [main] DEBUG com.github.dockerjava.zerodep.shaded.org.apache.hc.client5.http.impl.io.PoolingHttpClientConnectionManager - ep-00000003: executing exchange ex-00000004 over http-outgoing-0
17:51:57.672 [main] DEBUG com.github.dockerjava.zerodep.shaded.org.apache.hc.client5.http.headers - http-outgoing-0 &gt;&gt; POST /v1.32/containers/create?name=testcontainers-ryuk-2e83e22e-e672-4754-b852-5ac7974dddc6 HTTP/1.1
17:51:57.673 [main] DEBUG com.github.dockerjava.zerodep.shaded.org.apache.hc.client5.http.headers - http-outgoing-0 &gt;&gt; accept: application/json
17:51:57.673 [main] DEBUG com.github.dockerjava.zerodep.shaded.org.apache.hc.client5.http.headers - http-outgoing-0 &gt;&gt; content-type: application/json
17:51:57.673 [main] DEBUG com.github.dockerjava.zerodep.shaded.org.apache.hc.client5.http.headers - http-outgoing-0 &gt;&gt; x-tc-sid: 2e83e22e-e672-4754-b852-5ac7974dddc6
17:51:57.673 [main] DEBUG com.github.dockerjava.zerodep.shaded.org.apache.hc.client5.http.headers - http-outgoing-0 &gt;&gt; Accept-Encoding: gzip, x-gzip, deflate
17:51:57.673 [main] DEBUG com.github.dockerjava.zerodep.shaded.org.apache.hc.client5.http.headers - http-outgoing-0 &gt;&gt; Content-Length: 1956
17:51:57.673 [main] DEBUG com.github.dockerjava.zerodep.shaded.org.apache.hc.client5.http.headers - http-outgoing-0 &gt;&gt; Host: localhost:2375
17:51:57.673 [main] DEBUG com.github.dockerjava.zerodep.shaded.org.apache.hc.client5.http.headers - http-outgoing-0 &gt;&gt; Connection: keep-alive
17:51:57.673 [main] DEBUG com.github.dockerjava.zerodep.shaded.org.apache.hc.client5.http.headers - http-outgoing-0 &gt;&gt; User-Agent: Apache-HttpClient/5.0.3 (Java/19.0.2)
17:51:57.674 [main] DEBUG com.github.dockerjava.zerodep.shaded.org.apache.hc.client5.http.wire - http-outgoing-0 &gt;&gt; &quot;POST /v1.32/containers/create?name=testcontainers-ryuk-2e83e22e-e672-4754-b852-5ac7974dddc6 HTTP/1.1[\r][\n]&quot;
17:51:57.674 [main] DEBUG com.github.dockerjava.zerodep.shaded.org.apache.hc.client5.http.wire - http-outgoing-0 &gt;&gt; &quot;accept: application/json[\r][\n]&quot;
17:51:57.674 [main] DEBUG com.github.dockerjava.zerodep.shaded.org.apache.hc.client5.http.wire - http-outgoing-0 &gt;&gt; &quot;content-type: application/json[\r][\n]&quot;
17:51:57.674 [main] DEBUG com.github.dockerjava.zerodep.shaded.org.apache.hc.client5.http.wire - http-outgoing-0 &gt;&gt; &quot;x-tc-sid: 2e83e22e-e672-4754-b852-5ac7974dddc6[\r][\n]&quot;
17:51:57.674 [main] DEBUG com.github.dockerjava.zerodep.shaded.org.apache.hc.client5.http.wire - http-outgoing-0 &gt;&gt; &quot;Accept-Encoding: gzip, x-gzip, deflate[\r][\n]&quot;
17:51:57.674 [main] DEBUG com.github.dockerjava.zerodep.shaded.org.apache.hc.client5.http.wire - http-outgoing-0 &gt;&gt; &quot;Content-Length: 1956[\r][\n]&quot;
17:51:57.674 [main] DEBUG com.github.dockerjava.zerodep.shaded.org.apache.hc.client5.http.wire - http-outgoing-0 &gt;&gt; &quot;Host: localhost:2375[\r][\n]&quot;
17:51:57.675 [main] DEBUG com.github.dockerjava.zerodep.shaded.org.apache.hc.client5.http.wire - http-outgoing-0 &gt;&gt; &quot;Connection: keep-alive[\r][\n]&quot;
17:51:57.676 [main] DEBUG com.github.dockerjava.zerodep.shaded.org.apache.hc.client5.http.wire - http-outgoing-0 &gt;&gt; &quot;User-Agent: Apache-HttpClient/5.0.3 (Java/19.0.2)[\r][\n]&quot;
17:51:57.676 [main] DEBUG com.github.dockerjava.zerodep.shaded.org.apache.hc.client5.http.wire - http-outgoing-0 &gt;&gt; &quot;[\r][\n]&quot;
17:51:57.677 [main] DEBUG com.github.dockerjava.zerodep.shaded.org.apache.hc.client5.http.wire - http-outgoing-0 &gt;&gt; &quot;{&quot;Hostname&quot;:null,&quot;Domainname&quot;:null,&quot;User&quot;:null,&quot;AttachStdin&quot;:null,&quot;AttachStdout&quot;:null,&quot;AttachStderr&quot;:null,&quot;PortSpecs&quot;:null,&quot;Tty&quot;:null,&quot;OpenStdin&quot;:null,&quot;StdinOnce&quot;:null,&quot;Env&quot;:[],&quot;Cmd&quot;:[],&quot;Healthcheck&quot;:null,&quot;ArgsEscaped&quot;:null,&quot;Entrypoint&quot;:null,&quot;Image&quot;:&quot;testcontainers/ryuk:0.4.0&quot;,&quot;Volumes&quot;:{},&quot;WorkingDir&quot;:null,&quot;MacAddress&quot;:null,&quot;OnBuild&quot;:null,&quot;NetworkDisabled&quot;:null,&quot;ExposedPorts&quot;:{&quot;8080/tcp&quot;:{}},&quot;StopSignal&quot;:null,&quot;StopTimeout&quot;:null,&quot;HostConfig&quot;:{&quot;Binds&quot;:[&quot;//var/run/docker.sock:/var/run/docker.sock:rw&quot;],&quot;BlkioWeight&quot;:null,&quot;BlkioWeightDevice&quot;:null,&quot;BlkioDeviceReadBps&quot;:null,&quot;BlkioDeviceWriteBps&quot;:null,&quot;BlkioDeviceReadIOps&quot;:null,&quot;BlkioDeviceWriteIOps&quot;:null,&quot;MemorySwappiness&quot;:null,&quot;NanoCpus&quot;:null,&quot;CapAdd&quot;:null,&quot;CapDrop&quot;:null,&quot;ContainerIDFile&quot;:null,&quot;CpuPeriod&quot;:null,&quot;CpuRealtimePeriod&quot;:null,&quot;CpuRealtimeRuntime&quot;:null,&quot;CpuShares&quot;:null,&quot;CpuQuota&quot;:null,&quot;CpusetCpus&quot;:null,&quot;CpusetMems&quot;:null,&quot;Devices&quot;:null,&quot;DeviceCgroupRules&quot;:null,&quot;DeviceRequests&quot;:null,&quot;DiskQuota&quot;:null,&quot;Dns&quot;:null,&quot;DnsOptions&quot;:null,&quot;DnsSearch&quot;:null,&quot;ExtraHosts&quot;:[],&quot;GroupAdd&quot;:null,&quot;IpcMode&quot;:null,&quot;Cgroup&quot;:null,&quot;Links&quot;:[],&quot;LogConfig&quot;:null,&quot;LxcConf&quot;:null,&quot;Memory&quot;:null,&quot;MemorySwap&quot;:null,&quot;MemoryReservation&quot;:null,&quot;KernelMemory&quot;:null,&quot;NetworkMode&quot;:null,&quot;OomKillDisable&quot;:null,&quot;Init&quot;:null,&quot;AutoRemove&quot;:true,&quot;OomScoreAdj&quot;:null,&quot;PortBindings&quot;:{&quot;8080/tcp&quot;:[{&quot;HostIp&quot;:&quot;&quot;,&quot;HostPort&quot;:&quot;&quot;}]},&quot;Privileged&quot;:false,&quot;PublishAllPorts&quot;:null,&quot;ReadonlyRootfs&quot;:null,&quot;RestartPolicy&quot;:null,&quot;Ulimits&quot;:null,&quot;CpuCount&quot;:null,&quot;CpuPercent&quot;:null,&quot;IOMaximumIOps&quot;:null,&quot;IOMaximumBandwidth&quot;:null,&quot;VolumesFrom&quot;:[],&quot;Mounts&quot;:null,&quot;PidMode&quot;:null,&quot;Isolation&quot;:null,&quot;SecurityOpt&quot;:null,&quot;StorageOpt&quot;:null,&quot;CgroupParent&quot;:null,&quot;VolumeDriver&quot;:null,&quot;ShmSize&quot;:null,&quot;PidsLimit&quot;:null,&quot;Runtime&quot;:null,&quot;Tmpfs&quot;:null,&quot;UTSMode&quot;:null,&quot;UsernsMode&quot;:null,&quot;Sysctls&quot;:null,&quot;ConsoleSize&quot;:null,&quot;CgroupnsMode&quot;:null},&quot;Labels&quot;:{&quot;org.testcontainers&quot;:&quot;true&quot;,&quot;org.testcontainers.lang&quot;:&quot;java&quot;,&quot;org.testcontainers.version&quot;:&quot;1.18.0&quot;},&quot;Shell&quot;:null,&quot;NetworkingConfig&quot;:null}&quot;
17:51:58.021 [main] DEBUG com.github.dockerjava.zerodep.shaded.org.apache.hc.client5.http.wire - http-outgoing-0 &lt;&lt; &quot;HTTP/1.1 201 Created[\r][\n]&quot;
17:51:58.021 [main] DEBUG com.github.dockerjava.zerodep.shaded.org.apache.hc.client5.http.wire - http-outgoing-0 &lt;&lt; &quot;Api-Version: 1.43[\r][\n]&quot;
17:51:58.021 [main] DEBUG com.github.dockerjava.zerodep.shaded.org.apache.hc.client5.http.wire - http-outgoing-0 &lt;&lt; &quot;Content-Type: application/json[\r][\n]&quot;
17:51:58.022 [main] DEBUG com.github.dockerjava.zerodep.shaded.org.apache.hc.client5.http.wire - http-outgoing-0 &lt;&lt; &quot;Date: Mon, 14 Aug 2023 14:51:58 GMT[\r][\n]&quot;
17:51:58.023 [main] DEBUG com.github.dockerjava.zerodep.shaded.org.apache.hc.client5.http.wire - http-outgoing-0 &lt;&lt; &quot;Docker-Experimental: false[\r][\n]&quot;
17:51:58.024 [main] DEBUG com.github.dockerjava.zerodep.shaded.org.apache.hc.client5.http.wire - http-outgoing-0 &lt;&lt; &quot;Ostype: linux[\r][\n]&quot;
17:51:58.024 [main] DEBUG com.github.dockerjava.zerodep.shaded.org.apache.hc.client5.http.wire - http-outgoing-0 &lt;&lt; &quot;Server: Docker/24.0.5 (linux)[\r][\n]&quot;
17:51:58.024 [main] DEBUG com.github.dockerjava.zerodep.shaded.org.apache.hc.client5.http.wire - http-outgoing-0 &lt;&lt; &quot;Transfer-Encoding: chunked[\r][\n]&quot;
17:51:58.024 [main] DEBUG com.github.dockerjava.zerodep.shaded.org.apache.hc.client5.http.wire - http-outgoing-0 &lt;&lt; &quot;[\r][\n]&quot;
17:51:58.025 [main] DEBUG com.github.dockerjava.zerodep.shaded.org.apache.hc.client5.http.headers - http-outgoing-0 &lt;&lt; HTTP/1.1 201 Created
17:51:58.026 [main] DEBUG com.github.dockerjava.zerodep.shaded.org.apache.hc.client5.http.headers - http-outgoing-0 &lt;&lt; Api-Version: 1.43
17:51:58.026 [main] DEBUG com.github.dockerjava.zerodep.shaded.org.apache.hc.client5.http.headers - http-outgoing-0 &lt;&lt; Content-Type: application/json
17:51:58.026 [main] DEBUG com.github.dockerjava.zerodep.shaded.org.apache.hc.client5.http.headers - http-outgoing-0 &lt;&lt; Date: Mon, 14 Aug 2023 14:51:58 GMT
17:51:58.026 [main] DEBUG com.github.dockerjava.zerodep.shaded.org.apache.hc.client5.http.headers - http-outgoing-0 &lt;&lt; Docker-Experimental: false
17:51:58.027 [main] DEBUG com.github.dockerjava.zerodep.shaded.org.apache.hc.client5.http.headers - http-outgoing-0 &lt;&lt; Ostype: linux
17:51:58.027 [main] DEBUG com.github.dockerjava.zerodep.shaded.org.apache.hc.client5.http.headers - http-outgoing-0 &lt;&lt; Server: Docker/24.0.5 (linux)
17:51:58.027 [main] DEBUG com.github.dockerjava.zerodep.shaded.org.apache.hc.client5.http.headers - http-outgoing-0 &lt;&lt; Transfer-Encoding: chunked
17:51:58.028 [main] DEBUG com.github.dockerjava.zerodep.shaded.org.apache.hc.client5.http.impl.classic.MainClientExec - ex-00000004: connection can be kept alive for 3 MINUTES
17:51:58.029 [main] DEBUG com.github.dockerjava.zerodep.shaded.org.apache.hc.client5.http.wire - http-outgoing-0 &lt;&lt; &quot;58[\r][\n]&quot;
17:51:58.029 [main] DEBUG com.github.dockerjava.zerodep.shaded.org.apache.hc.client5.http.wire - http-outgoing-0 &lt;&lt; &quot;{&quot;Id&quot;:&quot;756033ee79ab57e91b9cf9d0c1380d4f5608593bd818cd36553c00638141fa40&quot;,&quot;Warnings&quot;:[]}[\n]&quot;
17:51:58.029 [main] DEBUG com.github.dockerjava.zerodep.shaded.org.apache.hc.client5.http.wire - http-outgoing-0 &lt;&lt; &quot;[\r][\n]&quot;
17:51:58.029 [main] DEBUG com.github.dockerjava.zerodep.shaded.org.apache.hc.client5.http.wire - http-outgoing-0 &lt;&lt; &quot;0[\r][\n]&quot;
17:51:58.029 [main] DEBUG com.github.dockerjava.zerodep.shaded.org.apache.hc.client5.http.wire - http-outgoing-0 &lt;&lt; &quot;[\r][\n]&quot;
17:51:58.031 [main] DEBUG com.github.dockerjava.zerodep.shaded.org.apache.hc.client5.http.impl.classic.InternalHttpClient - ep-00000003: releasing valid endpoint
17:51:58.032 [main] DEBUG com.github.dockerjava.zerodep.shaded.org.apache.hc.client5.http.impl.io.PoolingHttpClientConnectionManager - ep-00000003: releasing endpoint
17:51:58.032 [main] DEBUG com.github.dockerjava.zerodep.shaded.org.apache.hc.client5.http.impl.io.PoolingHttpClientConnectionManager - ep-00000003: connection http-outgoing-0 can be kept alive for 3 MINUTES
17:51:58.032 [main] DEBUG com.github.dockerjava.zerodep.shaded.org.apache.hc.client5.http.impl.io.PoolingHttpClientConnectionManager - ep-00000003: connection released [route: {}-&gt;npipe://localhost:2375][total available: 1; route allocated: 1 of 2147483647; total allocated: 1 of 2147483647]
17:51:58.040 [main] INFO tc.testcontainers/ryuk:0.4.0 - Container testcontainers/ryuk:0.4.0 is starting: 756033ee79ab57e91b9cf9d0c1380d4f5608593bd818cd36553c00638141fa40
17:51:58.042 [main] DEBUG org.testcontainers.shaded.com.github.dockerjava.core.command.AbstrDockerCmd - Cmd: 756033ee79ab57e91b9cf9d0c1380d4f5608593bd818cd36553c00638141fa40
17:51:58.046 [main] DEBUG com.github.dockerjava.zerodep.shaded.org.apache.hc.client5.http.impl.classic.InternalHttpClient - ex-00000005: preparing request execution
17:51:58.047 [main] DEBUG com.github.dockerjava.zerodep.shaded.org.apache.hc.client5.http.protocol.RequestAddCookies - Cookie spec selected: strict
17:51:58.047 [main] DEBUG com.github.dockerjava.zerodep.shaded.org.apache.hc.client5.http.protocol.RequestAuthCache - Auth cache not set in the context
17:51:58.047 [main] DEBUG com.github.dockerjava.zerodep.shaded.org.apache.hc.client5.http.impl.classic.ProtocolExec - ex-00000005: target auth state: UNCHALLENGED
17:51:58.047 [main] DEBUG com.github.dockerjava.zerodep.shaded.org.apache.hc.client5.http.impl.classic.ProtocolExec - ex-00000005: proxy auth state: UNCHALLENGED
17:51:58.047 [main] DEBUG com.github.dockerjava.zerodep.shaded.org.apache.hc.client5.http.impl.classic.ConnectExec - ex-00000005: acquiring connection with route {}-&gt;npipe://localhost:2375
17:51:58.047 [main] DEBUG com.github.dockerjava.zerodep.shaded.org.apache.hc.client5.http.impl.classic.InternalHttpClient - ex-00000005: acquiring endpoint (3 MINUTES)
17:51:58.048 [main] DEBUG com.github.dockerjava.zerodep.shaded.org.apache.hc.client5.http.impl.io.PoolingHttpClientConnectionManager - ex-00000005: endpoint lease request (3 MINUTES) [route: {}-&gt;npipe://localhost:2375][total available: 1; route allocated: 1 of 2147483647; total allocated: 1 of 2147483647]
17:51:58.048 [main] DEBUG com.github.dockerjava.zerodep.shaded.org.apache.hc.client5.http.impl.io.PoolingHttpClientConnectionManager - ex-00000005: endpoint leased [route: {}-&gt;npipe://localhost:2375][total available: 0; route allocated: 1 of 2147483647; total allocated: 1 of 2147483647]
17:51:58.048 [main] DEBUG com.github.dockerjava.zerodep.shaded.org.apache.hc.client5.http.impl.io.PoolingHttpClientConnectionManager - ex-00000005: acquired ep-00000004
17:51:58.048 [main] DEBUG com.github.dockerjava.zerodep.shaded.org.apache.hc.client5.http.impl.classic.InternalHttpClient - ex-00000005: acquired endpoint ep-00000004
17:51:58.049 [main] DEBUG com.github.dockerjava.zerodep.shaded.org.apache.hc.client5.http.impl.classic.MainClientExec - ex-00000005: executing POST /v1.32/containers/756033ee79ab57e91b9cf9d0c1380d4f5608593bd818cd36553c00638141fa40/start HTTP/1.1
17:51:58.049 [main] DEBUG com.github.dockerjava.zerodep.shaded.org.apache.hc.client5.http.impl.classic.InternalHttpClient - ep-00000004: start execution ex-00000005
17:51:58.049 [main] DEBUG com.github.dockerjava.zerodep.shaded.org.apache.hc.client5.http.impl.io.PoolingHttpClientConnectionManager - ep-00000004: executing exchange ex-00000005 over http-outgoing-0
17:51:58.049 [main] DEBUG com.github.dockerjava.zerodep.shaded.org.apache.hc.client5.http.headers - http-outgoing-0 &gt;&gt; POST /v1.32/containers/756033ee79ab57e91b9cf9d0c1380d4f5608593bd818cd36553c00638141fa40/start HTTP/1.1
17:51:58.049 [main] DEBUG com.github.dockerjava.zerodep.shaded.org.apache.hc.client5.http.headers - http-outgoing-0 &gt;&gt; accept: application/json
17:51:58.049 [main] DEBUG com.github.dockerjava.zerodep.shaded.org.apache.hc.client5.http.headers - http-outgoing-0 &gt;&gt; content-type: application/json
17:51:58.049 [main] DEBUG com.github.dockerjava.zerodep.shaded.org.apache.hc.client5.http.headers - http-outgoing-0 &gt;&gt; x-tc-sid: 2e83e22e-e672-4754-b852-5ac7974dddc6
17:51:58.049 [main] DEBUG com.github.dockerjava.zerodep.shaded.org.apache.hc.client5.http.headers - http-outgoing-0 &gt;&gt; Accept-Encoding: gzip, x-gzip, deflate
17:51:58.050 [main] DEBUG com.github.dockerjava.zerodep.shaded.org.apache.hc.client5.http.headers - http-outgoing-0 &gt;&gt; Host: localhost:2375
17:51:58.050 [main] DEBUG com.github.dockerjava.zerodep.shaded.org.apache.hc.client5.http.headers - http-outgoing-0 &gt;&gt; Connection: keep-alive
17:51:58.050 [main] DEBUG com.github.dockerjava.zerodep.shaded.org.apache.hc.client5.http.headers - http-outgoing-0 &gt;&gt; User-Agent: Apache-HttpClient/5.0.3 (Java/19.0.2)
17:51:58.050 [main] DEBUG com.github.dockerjava.zerodep.shaded.org.apache.hc.client5.http.wire - http-outgoing-0 &gt;&gt; &quot;POST /v1.32/containers/756033ee79ab57e91b9cf9d0c1380d4f5608593bd818cd36553c00638141fa40/start HTTP/1.1[\r][\n]&quot;
17:51:58.050 [main] DEBUG com.github.dockerjava.zerodep.shaded.org.apache.hc.client5.http.wire - http-outgoing-0 &gt;&gt; &quot;accept: application/json[\r][\n]&quot;
17:51:58.050 [main] DEBUG com.github.dockerjava.zerodep.shaded.org.apache.hc.client5.http.wire - http-outgoing-0 &gt;&gt; &quot;content-type: application/json[\r][\n]&quot;
17:51:58.051 [main] DEBUG com.github.dockerjava.zerodep.shaded.org.apache.hc.client5.http.wire - http-outgoing-0 &gt;&gt; &quot;x-tc-sid: 2e83e22e-e672-4754-b852-5ac7974dddc6[\r][\n]&quot;
17:51:58.051 [main] DEBUG com.github.dockerjava.zerodep.shaded.org.apache.hc.client5.http.wire - http-outgoing-0 &gt;&gt; &quot;Accept-Encoding: gzip, x-gzip, deflate[\r][\n]&quot;
17:51:58.051 [main] DEBUG com.github.dockerjava.zerodep.shaded.org.apache.hc.client5.http.wire - http-outgoing-0 &gt;&gt; &quot;Host: localhost:2375[\r][\n]&quot;
17:51:58.051 [main] DEBUG com.github.dockerjava.zerodep.shaded.org.apache.hc.client5.http.wire - http-outgoing-0 &gt;&gt; &quot;Connection: keep-alive[\r][\n]&quot;
17:51:58.052 [main] DEBUG com.github.dockerjava.zerodep.shaded.org.apache.hc.client5.http.wire - http-outgoing-0 &gt;&gt; &quot;User-Agent: Apache-HttpClient/5.0.3 (Java/19.0.2)[\r][\n]&quot;
17:51:58.053 [main] DEBUG com.github.dockerjava.zerodep.shaded.org.apache.hc.client5.http.wire - http-outgoing-0 &gt;&gt; &quot;[\r][\n]&quot;
17:51:58.940 [main] DEBUG com.github.dockerjava.zerodep.shaded.org.apache.hc.client5.http.wire - http-outgoing-0 &lt;&lt; &quot;HTTP/1.1 204 No Content[\r][\n]&quot;
17:51:58.942 [main] DEBUG com.github.dockerjava.zerodep.shaded.org.apache.hc.client5.http.wire - http-outgoing-0 &lt;&lt; &quot;Api-Version: 1.43[\r][\n]&quot;
17:51:58.942 [main] DEBUG com.github.dockerjava.zerodep.shaded.org.apache.hc.client5.http.wire - http-outgoing-0 &lt;&lt; &quot;Date: Mon, 14 Aug 2023 14:51:58 GMT[\r][\n]&quot;
17:51:58.943 [main] DEBUG com.github.dockerjava.zerodep.shaded.org.apache.hc.client5.http.wire - http-outgoing-0 &lt;&lt; &quot;Docker-Experimental: false[\r][\n]&quot;
17:51:58.943 [main] DEBUG com.github.dockerjava.zerodep.shaded.org.apache.hc.client5.http.wire - http-outgoing-0 &lt;&lt; &quot;Ostype: linux[\r][\n]&quot;
17:51:58.943 [main] DEBUG com.github.dockerjava.zerodep.shaded.org.apache.hc.client5.http.wire - http-outgoing-0 &lt;&lt; &quot;Server: Docker/24.0.5 (linux)[\r][\n]&quot;
17:51:58.943 [main] DEBUG com.github.dockerjava.zerodep.shaded.org.apache.hc.client5.http.wire - http-outgoing-0 &lt;&lt; &quot;[\r][\n]&quot;
17:51:58.943 [main] DEBUG com.github.dockerjava.zerodep.shaded.org.apache.hc.client5.http.headers - http-outgoing-0 &lt;&lt; HTTP/1.1 204 No Content
17:51:58.944 [main] DEBUG com.github.dockerjava.zerodep.shaded.org.apache.hc.client5.http.headers - http-outgoing-0 &lt;&lt; Api-Version: 1.43
17:51:58.945 [main] DEBUG com.github.dockerjava.zerodep.shaded.org.apache.hc.client5.http.headers - http-outgoing-0 &lt;&lt; Date: Mon, 14 Aug 2023 14:51:58 GMT
17:51:58.946 [main] DEBUG com.github.dockerjava.zerodep.shaded.org.apache.hc.client5.http.headers - http-outgoing-0 &lt;&lt; Docker-Experimental: false
17:51:58.946 [main] DEBUG com.github.dockerjava.zerodep.shaded.org.apache.hc.client5.http.headers - http-outgoing-0 &lt;&lt; Ostype: linux
17:51:58.946 [main] DEBUG com.github.dockerjava.zerodep.shaded.org.apache.hc.client5.http.headers - http-outgoing-0 &lt;&lt; Server: Docker/24.0.5 (linux)
17:51:58.947 [main] DEBUG com.github.dockerjava.zerodep.shaded.org.apache.hc.client5.http.impl.classic.MainClientExec - ex-00000005: connection can be kept alive for 3 MINUTES
17:51:58.948 [main] DEBUG com.github.dockerjava.zerodep.shaded.org.apache.hc.client5.http.impl.classic.InternalHttpClient - ep-00000004: releasing valid endpoint
17:51:58.948 [main] DEBUG com.github.dockerjava.zerodep.shaded.org.apache.hc.client5.http.impl.io.PoolingHttpClientConnectionManager - ep-00000004: releasing endpoint
17:51:58.949 [main] DEBUG com.github.dockerjava.zerodep.shaded.org.apache.hc.client5.http.impl.io.PoolingHttpClientConnectionManager - ep-00000004: connection http-outgoing-0 can be kept alive for 3 MINUTES
17:51:58.950 [main] DEBUG com.github.dockerjava.zerodep.shaded.org.apache.hc.client5.http.impl.io.PoolingHttpClientConnectionManager - ep-00000004: connection released [route: {}-&gt;npipe://localhost:2375][total available: 1; route allocated: 1 of 2147483647; total allocated: 1 of 2147483647]
17:51:58.994 [main] DEBUG org.testcontainers.shaded.com.github.dockerjava.core.command.AbstrDockerCmd - Cmd: 756033ee79ab57e91b9cf9d0c1380d4f5608593bd818cd36553c00638141fa40,false
17:51:59.004 [main] DEBUG org.testcontainers.shaded.com.github.dockerjava.core.exec.InspectContainerCmdExec - GET: DefaultWebTarget{path=[/containers/756033ee79ab57e91b9cf9d0c1380d4f5608593bd818cd36553c00638141fa40/json], queryParams={}}
17:51:59.005 [main] DEBUG com.github.dockerjava.zerodep.shaded.org.apache.hc.client5.http.impl.classic.InternalHttpClient - ex-00000006: preparing request execution
17:51:59.005 [main] DEBUG com.github.dockerjava.zerodep.shaded.org.apache.hc.client5.http.protocol.RequestAddCookies - Cookie spec selected: strict
17:51:59.005 [main] DEBUG com.github.dockerjava.zerodep.shaded.org.apache.hc.client5.http.protocol.RequestAuthCache - Auth cache not set in the context
17:51:59.006 [main] DEBUG com.github.dockerjava.zerodep.shaded.org.apache.hc.client5.http.impl.classic.ProtocolExec - ex-00000006: target auth state: UNCHALLENGED
17:51:59.006 [main] DEBUG com.github.dockerjava.zerodep.shaded.org.apache.hc.client5.http.impl.classic.ProtocolExec - ex-00000006: proxy auth state: UNCHALLENGED
17:51:59.006 [main] DEBUG com.github.dockerjava.zerodep.shaded.org.apache.hc.client5.http.impl.classic.ConnectExec - ex-00000006: acquiring connection with route {}-&gt;npipe://localhost:2375
17:51:59.007 [main] DEBUG com.github.dockerjava.zerodep.shaded.org.apache.hc.client5.http.impl.classic.InternalHttpClient - ex-00000006: acquiring endpoint (3 MINUTES)
17:51:59.007 [main] DEBUG com.github.dockerjava.zerodep.shaded.org.apache.hc.client5.http.impl.io.PoolingHttpClientConnectionManager - ex-00000006: endpoint lease request (3 MINUTES) [route: {}-&gt;npipe://localhost:2375][total available: 1; route allocated: 1 of 2147483647; total allocated: 1 of 2147483647]
17:51:59.008 [main] DEBUG com.github.dockerjava.zerodep.shaded.org.apache.hc.client5.http.impl.io.PoolingHttpClientConnectionManager - ex-00000006: endpoint leased [route: {}-&gt;npipe://localhost:2375][total available: 0; route allocated: 1 of 2147483647; total allocated: 1 of 2147483647]
17:51:59.008 [main] DEBUG com.github.dockerjava.zerodep.shaded.org.apache.hc.client5.http.impl.io.PoolingHttpClientConnectionManager - ex-00000006: acquired ep-00000005
17:51:59.008 [main] DEBUG com.github.dockerjava.zerodep.shaded.org.apache.hc.client5.http.impl.classic.InternalHttpClient - ex-00000006: acquired endpoint ep-00000005
17:51:59.008 [main] DEBUG com.github.dockerjava.zerodep.shaded.org.apache.hc.client5.http.impl.classic.MainClientExec - ex-00000006: executing GET /v1.32/containers/756033ee79ab57e91b9cf9d0c1380d4f5608593bd818cd36553c00638141fa40/json HTTP/1.1
17:51:59.009 [main] DEBUG com.github.dockerjava.zerodep.shaded.org.apache.hc.client5.http.impl.classic.InternalHttpClient - ep-00000005: start execution ex-00000006
17:51:59.010 [main] DEBUG com.github.dockerjava.zerodep.shaded.org.apache.hc.client5.http.impl.io.PoolingHttpClientConnectionManager - ep-00000005: executing exchange ex-00000006 over http-outgoing-0
17:51:59.010 [main] DEBUG com.github.dockerjava.zerodep.shaded.org.apache.hc.client5.http.headers - http-outgoing-0 &gt;&gt; GET /v1.32/containers/756033ee79ab57e91b9cf9d0c1380d4f5608593bd818cd36553c00638141fa40/json HTTP/1.1
17:51:59.010 [main] DEBUG com.github.dockerjava.zerodep.shaded.org.apache.hc.client5.http.headers - http-outgoing-0 &gt;&gt; accept: application/json
17:51:59.010 [main] DEBUG com.github.dockerjava.zerodep.shaded.org.apache.hc.client5.http.headers - http-outgoing-0 &gt;&gt; x-tc-sid: 2e83e22e-e672-4754-b852-5ac7974dddc6
17:51:59.010 [main] DEBUG com.github.dockerjava.zerodep.shaded.org.apache.hc.client5.http.headers - http-outgoing-0 &gt;&gt; Accept-Encoding: gzip, x-gzip, deflate
17:51:59.010 [main] DEBUG com.github.dockerjava.zerodep.shaded.org.apache.hc.client5.http.headers - http-outgoing-0 &gt;&gt; Host: localhost:2375
17:51:59.010 [main] DEBUG com.github.dockerjava.zerodep.shaded.org.apache.hc.client5.http.headers - http-outgoing-0 &gt;&gt; Connection: keep-alive
17:51:59.010 [main] DEBUG com.github.dockerjava.zerodep.shaded.org.apache.hc.client5.http.headers - http-outgoing-0 &gt;&gt; User-Agent: Apache-HttpClient/5.0.3 (Java/19.0.2)
17:51:59.010 [main] DEBUG com.github.dockerjava.zerodep.shaded.org.apache.hc.client5.http.wire - http-outgoing-0 &gt;&gt; &quot;GET /v1.32/containers/756033ee79ab57e91b9cf9d0c1380d4f5608593bd818cd36553c00638141fa40/json HTTP/1.1[\r][\n]&quot;
17:51:59.013 [main] DEBUG com.github.dockerjava.zerodep.shaded.org.apache.hc.client5.http.wire - http-outgoing-0 &gt;&gt; &quot;accept: application/json[\r][\n]&quot;
17:51:59.014 [main] DEBUG com.github.dockerjava.zerodep.shaded.org.apache.hc.client5.http.wire - http-outgoing-0 &gt;&gt; &quot;x-tc-sid: 2e83e22e-e672-4754-b852-5ac7974dddc6[\r][\n]&quot;
17:51:59.015 [main] DEBUG com.github.dockerjava.zerodep.shaded.org.apache.hc.client5.http.wire - http-outgoing-0 &gt;&gt; &quot;Accept-Encoding: gzip, x-gzip, deflate[\r][\n]&quot;
17:51:59.015 [main] DEBUG com.github.dockerjava.zerodep.shaded.org.apache.hc.client5.http.wire - http-outgoing-0 &gt;&gt; &quot;Host: localhost:2375[\r][\n]&quot;
17:51:59.015 [main] DEBUG com.github.dockerjava.zerodep.shaded.org.apache.hc.client5.http.wire - http-outgoing-0 &gt;&gt; &quot;Connection: keep-alive[\r][\n]&quot;
17:51:59.015 [main] DEBUG com.github.dockerjava.zerodep.shaded.org.apache.hc.client5.http.wire - http-outgoing-0 &gt;&gt; &quot;User-Agent: Apache-HttpClient/5.0.3 (Java/19.0.2)[\r][\n]&quot;
17:51:59.015 [main] DEBUG com.github.dockerjava.zerodep.shaded.org.apache.hc.client5.http.wire - http-outgoing-0 &gt;&gt; &quot;[\r][\n]&quot;
17:51:59.107 [main] DEBUG com.github.dockerjava.zerodep.shaded.org.apache.hc.client5.http.wire - http-outgoing-0 &lt;&lt; &quot;HTTP/1.1 200 OK[\r][\n]&quot;
17:51:59.107 [main] DEBUG com.github.dockerjava.zerodep.shaded.org.apache.hc.client5.http.wire - http-outgoing-0 &lt;&lt; &quot;Api-Version: 1.43[\r][\n]&quot;
17:51:59.107 [main] DEBUG com.github.dockerjava.zerodep.shaded.org.apache.hc.client5.http.wire - http-outgoing-0 &lt;&lt; &quot;Content-Type: application/json[\r][\n]&quot;
17:51:59.107 [main] DEBUG com.github.dockerjava.zerodep.shaded.org.apache.hc.client5.http.wire - http-outgoing-0 &lt;&lt; &quot;Date: Mon, 14 Aug 2023 14:51:59 GMT[\r][\n]&quot;
[...]
17:52:04.198 [main] DEBUG org.testcontainers.containers.output.WaitingConsumer - STDOUT: 
17:52:04.199 [main] DEBUG org.testcontainers.containers.output.WaitingConsumer - STDOUT: 
17:52:04.226 [docker-java-stream-506992285] DEBUG com.github.dockerjava.zerodep.shaded.org.apache.hc.client5.http.wire - http-outgoing-1 &lt;&lt; &quot;109[\r][\n]&quot;
17:52:04.226 [docker-java-stream-506992285] DEBUG com.github.dockerjava.zerodep.shaded.org.apache.hc.client5.http.wire - http-outgoing-1 &lt;&lt; &quot;[0x1][0x0][0x0][0x0][0x0][0x0][0x1][0x1]2023-08-14 14:52:04.220 UTC [50] LOG:  checkpoint complete: wrote 918 buffers (5.6%); 0 WAL file(s) added, 0 removed, 0 recycled; write=0.037 s, sync=0.001 s, total=0.038 s; sync files=0, longest=0.000 s, average=0.000 s; distance=4223 kB, estimate=4223 kB[\n]&quot;
17:52:04.226 [docker-java-stream-506992285] DEBUG com.github.dockerjava.zerodep.shaded.org.apache.hc.client5.http.wire - http-outgoing-1 &lt;&lt; &quot;[\r][\n]&quot;
17:52:04.227 [main] DEBUG org.testcontainers.containers.output.WaitingConsumer - STDOUT: 2023-08-14 14:52:04.220 UTC [50] LOG:  checkpoint complete: wrote 918 buffers (5.6%); 0 WAL file(s) added, 0 removed, 0 recycled; write=0.037 s, sync=0.001 s, total=0.038 s; sync files=0, longest=0.000 s, average=0.000 s; distance=4223 kB, estimate=4223 kB
17:52:04.240 [docker-java-stream-506992285] DEBUG com.github.dockerjava.zerodep.shaded.org.apache.hc.client5.http.wire - http-outgoing-1 &lt;&lt; &quot;4c[\r][\n]&quot;
17:52:04.240 [docker-java-stream-506992285] DEBUG com.github.dockerjava.zerodep.shaded.org.apache.hc.client5.http.wire - http-outgoing-1 &lt;&lt; &quot;[0x1][0x0][0x0][0x0][0x0][0x0][0x0]D2023-08-14 14:52:04.234 UTC [49] LOG:  database system is shut down[\n]&quot;
17:52:04.240 [docker-java-stream-506992285] DEBUG com.github.dockerjava.zerodep.shaded.org.apache.hc.client5.http.wire - http-outgoing-1 &lt;&lt; &quot;[\r][\n]&quot;
17:52:04.242 [main] DEBUG org.testcontainers.containers.output.WaitingConsumer - STDOUT: 2023-08-14 14:52:04.234 UTC [49] LOG:  database system is shut down
17:52:04.276 [docker-java-stream-506992285] DEBUG com.github.dockerjava.zerodep.shaded.org.apache.hc.client5.http.wire - http-outgoing-1 &lt;&lt; &quot;25[\r][\n]&quot;
17:52:04.276 [docker-java-stream-506992285] DEBUG com.github.dockerjava.zerodep.shaded.org.apache.hc.client5.http.wire - http-outgoing-1 &lt;&lt; &quot;[0x1][0x0][0x0][0x0][0x0][0x0][0x0][0x6] done[\n]&quot;
17:52:04.277 [docker-java-stream-506992285] DEBUG com.github.dockerjava.zerodep.shaded.org.apache.hc.client5.http.wire - http-outgoing-1 &lt;&lt; &quot;[0x1][0x0][0x0][0x0][0x0][0x0][0x0][0xf]server stopped[\n]&quot;
17:52:04.277 [docker-java-stream-506992285] DEBUG com.github.dockerjava.zerodep.shaded.org.apache.hc.client5.http.wire - http-outgoing-1 &lt;&lt; &quot;[\r][\n]&quot;
17:52:04.277 [main] DEBUG org.testcontainers.containers.output.WaitingConsumer - STDOUT:  done
17:52:04.277 [main] DEBUG org.testcontainers.containers.output.WaitingConsumer - STDOUT: server stopped
17:52:04.281 [docker-java-stream-506992285] DEBUG com.github.dockerjava.zerodep.shaded.org.apache.hc.client5.http.wire - http-outgoing-1 &lt;&lt; &quot;50[\r][\n]&quot;
17:52:04.281 [docker-java-stream-506992285] DEBUG com.github.dockerjava.zerodep.shaded.org.apache.hc.client5.http.wire - http-outgoing-1 &lt;&lt; &quot;[0x1][0x0][0x0][0x0][0x0][0x0][0x0][0x1][\n]&quot;
17:52:04.281 [docker-java-stream-506992285] DEBUG com.github.dockerjava.zerodep.shaded.org.apache.hc.client5.http.wire - http-outgoing-1 &lt;&lt; &quot;[0x1][0x0][0x0][0x0][0x0][0x0][0x0]6PostgreSQL init process complete; ready for start up.[\n]&quot;
17:52:04.281 [docker-java-stream-506992285] DEBUG com.github.dockerjava.zerodep.shaded.org.apache.hc.client5.http.wire - http-outgoing-1 &lt;&lt; &quot;[0x1][0x0][0x0][0x0][0x0][0x0][0x0][0x1][\n]&quot;
17:52:04.281 [docker-java-stream-506992285] DEBUG com.github.dockerjava.zerodep.shaded.org.apache.hc.client5.http.wire - http-outgoing-1 &lt;&lt; &quot;[\r][\n]&quot;
17:52:04.289 [main] DEBUG org.testcontainers.containers.output.WaitingConsumer - STDOUT: 
17:52:04.289 [main] DEBUG org.testcontainers.containers.output.WaitingConsumer - STDOUT: PostgreSQL init process complete; ready for start up.
17:52:04.289 [main] DEBUG org.testcontainers.containers.output.WaitingConsumer - STDOUT: 
17:52:04.303 [docker-java-stream-506992285] DEBUG com.github.dockerjava.zerodep.shaded.org.apache.hc.client5.http.wire - http-outgoing-1 &lt;&lt; &quot;ab[\r][\n]&quot;
17:52:04.303 [docker-java-stream-506992285] DEBUG com.github.dockerjava.zerodep.shaded.org.apache.hc.client5.http.wire - http-outgoing-1 &lt;&lt; &quot;[0x2][0x0][0x0][0x0][0x0][0x0][0x0][0xffffffa3]2023-08-14 14:52:04.297 UTC [1] LOG:  starting PostgreSQL 15.3 (Debian 15.3-1.pgdg120+1) on x86_64-pc-linux-gnu, compiled by gcc (Debian 12.2.0-14) 12.2.0, 64-bit[\n]&quot;
17:52:04.303 [docker-java-stream-506992285] DEBUG com.github.dockerjava.zerodep.shaded.org.apache.hc.client5.http.wire - http-outgoing-1 &lt;&lt; &quot;[\r][\n]&quot;
17:52:04.305 [main] DEBUG org.testcontainers.containers.output.WaitingConsumer - STDERR: 2023-08-14 14:52:04.297 UTC [1] LOG:  starting PostgreSQL 15.3 (Debian 15.3-1.pgdg120+1) on x86_64-pc-linux-gnu, compiled by gcc (Debian 12.2.0-14) 12.2.0, 64-bit
17:52:04.309 [docker-java-stream-506992285] DEBUG com.github.dockerjava.zerodep.shaded.org.apache.hc.client5.http.wire - http-outgoing-1 &lt;&lt; &quot;120[\r][\n]&quot;
17:52:04.310 [docker-java-stream-506992285] DEBUG com.github.dockerjava.zerodep.shaded.org.apache.hc.client5.http.wire - http-outgoing-1 &lt;&lt; &quot;[0x2][0x0][0x0][0x0][0x0][0x0][0x0]U2023-08-14 14:52:04.299 UTC [1] LOG:  listening on IPv4 address &quot;0.0.0.0&quot;, port 5432[\n]&quot;
17:52:04.310 [docker-java-stream-506992285] DEBUG com.github.dockerjava.zerodep.shaded.org.apache.hc.client5.http.wire - http-outgoing-1 &lt;&lt; &quot;[0x2][0x0][0x0][0x0][0x0][0x0][0x0]P2023-08-14 14:52:04.299 UTC [1] LOG:  listening on IPv6 address &quot;::&quot;, port 5432[\n]&quot;
17:52:04.310 [docker-java-stream-506992285] DEBUG com.github.dockerjava.zerodep.shaded.org.apache.hc.client5.http.wire - http-outgoing-1 &lt;&lt; &quot;[0x2][0x0][0x0][0x0][0x0][0x0][0x0]c2023-08-14 14:52:04.300 UTC [1] LOG:  listening on Unix socket &quot;/var/run/postgresql/.s.PGSQL.5432&quot;[\n]&quot;
17:52:04.310 [docker-java-stream-506992285] DEBUG com.github.dockerjava.zerodep.shaded.org.apache.hc.client5.http.wire - http-outgoing-1 &lt;&lt; &quot;[\r][\n]&quot;
17:52:04.311 [docker-java-stream-506992285] DEBUG com.github.dockerjava.zerodep.shaded.org.apache.hc.client5.http.wire - http-outgoing-1 &lt;&lt; &quot;68[\r][\n]&quot;
17:52:04.311 [docker-java-stream-506992285] DEBUG com.github.dockerjava.zerodep.shaded.org.apache.hc.client5.http.wire - http-outgoing-1 &lt;&lt; &quot;[0x2][0x0][0x0][0x0][0x0][0x0][0x0]`2023-08-14 14:52:04.303 UTC [65] LOG:  database system was shut down at 2023-08-14 14:52:04 UTC[\n]&quot;
17:52:04.311 [docker-java-stream-506992285] DEBUG com.github.dockerjava.zerodep.shaded.org.apache.hc.client5.http.wire - http-outgoing-1 &lt;&lt; &quot;[\r][\n]&quot;
17:52:04.314 [docker-java-stream-506992285] DEBUG com.github.dockerjava.zerodep.shaded.org.apache.hc.client5.http.wire - http-outgoing-1 &lt;&lt; &quot;5d[\r][\n]&quot;
17:52:04.315 [docker-java-stream-506992285] DEBUG com.github.dockerjava.zerodep.shaded.org.apache.hc.client5.http.wire - http-outgoing-1 &lt;&lt; &quot;[0x2][0x0][0x0][0x0][0x0][0x0][0x0]U2023-08-14 14:52:04.308 UTC [1] LOG:  database system is ready to accept connections[\n]&quot;
17:52:04.315 [docker-java-stream-506992285] DEBUG com.github.dockerjava.zerodep.shaded.org.apache.hc.client5.http.wire - http-outgoing-1 &lt;&lt; &quot;[\r][\n]&quot;
17:52:04.320 [main] DEBUG org.testcontainers.containers.output.WaitingConsumer - STDERR: 2023-08-14 14:52:04.308 UTC [1] LOG:  database system is ready to accept connections
17:52:04.320 [main] DEBUG com.github.dockerjava.zerodep.shaded.org.apache.hc.client5.http.impl.classic.InternalHttpClient - ep-0000000F: cancel
17:52:04.320 [main] DEBUG com.github.dockerjava.zerodep.shaded.org.apache.hc.client5.http.impl.io.DefaultManagedHttpClientConnection - http-outgoing-1: close connection IMMEDIATE
17:52:04.320 [main] DEBUG com.github.dockerjava.zerodep.shaded.org.apache.hc.client5.http.impl.classic.InternalHttpClient - ep-0000000F: endpoint closed
17:52:04.320 [docker-java-stream-506992285] DEBUG com.github.dockerjava.zerodep.shaded.org.apache.hc.client5.http.wire - http-outgoing-1 &lt;&lt; &quot;end of stream&quot;
17:52:04.321 [main] DEBUG com.github.dockerjava.zerodep.shaded.org.apache.hc.client5.http.impl.classic.InternalHttpClient - ep-0000000F: discarding endpoint
17:52:04.321 [main] DEBUG com.github.dockerjava.zerodep.shaded.org.apache.hc.client5.http.impl.io.PoolingHttpClientConnectionManager - ep-0000000F: releasing endpoint
17:52:04.321 [main] DEBUG com.github.dockerjava.zerodep.shaded.org.apache.hc.client5.http.impl.io.PoolingHttpClientConnectionManager - ep-0000000F: connection is not kept alive
17:52:04.321 [main] DEBUG com.github.dockerjava.zerodep.shaded.org.apache.hc.client5.http.impl.io.PoolingHttpClientConnectionManager - ep-0000000F: connection released [route: {}-&gt;npipe://localhost:2375][total available: 0; route allocated: 0 of 2147483647; total allocated: 0 of 2147483647]
17:52:04.322 [docker-java-stream-506992285] DEBUG com.github.dockerjava.zerodep.shaded.org.apache.hc.client5.http.wire - http-outgoing-1 &lt;&lt; &quot;[read] I/O error: java.nio.channels.ClosedChannelException&quot;
17:52:04.322 [docker-java-stream-506992285] DEBUG com.github.dockerjava.zerodep.ApacheDockerHttpClientImpl$ApacheResponse - Failed to close the response
java.io.IOException: java.nio.channels.ClosedChannelException
	at java.base/java.nio.channels.Channels$1.read(Channels.java:166)
	at com.github.dockerjava.zerodep.shaded.org.apache.hc.client5.http.impl.io.LoggingInputStream.read(LoggingInputStream.java:81)
	at com.github.dockerjava.zerodep.shaded.org.apache.hc.core5.http.impl.io.SessionInputBufferImpl.fillBuffer(SessionInputBufferImpl.java:149)
	at com.github.dockerjava.zerodep.shaded.org.apache.hc.core5.http.impl.io.SessionInputBufferImpl.readLine(SessionInputBufferImpl.java:280)
	at com.github.dockerjava.zerodep.shaded.org.apache.hc.core5.http.impl.io.ChunkedInputStream.getChunkSize(ChunkedInputStream.java:261)
	at com.github.dockerjava.zerodep.shaded.org.apache.hc.core5.http.impl.io.ChunkedInputStream.nextChunk(ChunkedInputStream.java:222)
	at com.github.dockerjava.zerodep.shaded.org.apache.hc.core5.http.impl.io.ChunkedInputStream.read(ChunkedInputStream.java:147)
	at com.github.dockerjava.zerodep.shaded.org.apache.hc.core5.http.impl.io.ChunkedInputStream.close(ChunkedInputStream.java:314)
	at com.github.dockerjava.zerodep.shaded.org.apache.hc.core5.io.Closer.close(Closer.java:48)
	at com.github.dockerjava.zerodep.shaded.org.apache.hc.core5.http.impl.io.IncomingHttpEntity.close(IncomingHttpEntity.java:111)
	at com.github.dockerjava.zerodep.shaded.org.apache.hc.core5.http.io.entity.HttpEntityWrapper.close(HttpEntityWrapper.java:120)
	at com.github.dockerjava.zerodep.shaded.org.apache.hc.core5.io.Closer.close(Closer.java:48)
	at com.github.dockerjava.zerodep.shaded.org.apache.hc.core5.http.message.BasicClassicHttpResponse.close(BasicClassicHttpResponse.java:93)
	at com.github.dockerjava.zerodep.shaded.org.apache.hc.client5.http.impl.classic.CloseableHttpResponse.close(CloseableHttpResponse.java:200)
	at com.github.dockerjava.zerodep.ApacheDockerHttpClientImpl$ApacheResponse.close(ApacheDockerHttpClientImpl.java:256)
	at org.testcontainers.shaded.com.github.dockerjava.core.DefaultInvocationBuilder.lambda$executeAndStream$1(DefaultInvocationBuilder.java:277)
	at java.base/java.lang.Thread.run(Thread.java:1589)
Caused by: java.nio.channels.ClosedChannelException: null
	at java.base/sun.nio.ch.WindowsAsynchronousFileChannelImpl.implRead(WindowsAsynchronousFileChannelImpl.java:521)
	at java.base/sun.nio.ch.AsynchronousFileChannelImpl.read(AsynchronousFileChannelImpl.java:229)
	at com.github.dockerjava.transport.NamedPipeSocket$AsynchronousFileByteChannel.read(NamedPipeSocket.java:117)
	at java.base/java.nio.channels.Channels$1.read(Channels.java:164)
	... 16 common frames omitted
17:52:04.323 [main] DEBUG com.github.dockerjava.zerodep.shaded.org.apache.hc.client5.http.wire - http-outgoing-1 &lt;&lt; &quot;[read] I/O error: java.nio.channels.ClosedChannelException&quot;
17:52:04.324 [main] DEBUG com.github.dockerjava.zerodep.ApacheDockerHttpClientImpl$ApacheResponse - Failed to close the response
java.io.IOException: java.nio.channels.ClosedChannelException
	at java.base/java.nio.channels.Channels$1.read(Channels.java:166)
	at com.github.dockerjava.zerodep.shaded.org.apache.hc.client5.http.impl.io.LoggingInputStream.read(LoggingInputStream.java:81)
	at com.github.dockerjava.zerodep.shaded.org.apache.hc.core5.http.impl.io.SessionInputBufferImpl.fillBuffer(SessionInputBufferImpl.java:149)
	at com.github.dockerjava.zerodep.shaded.org.apache.hc.core5.http.impl.io.SessionInputBufferImpl.readLine(SessionInputBufferImpl.java:280)
	at com.github.dockerjava.zerodep.shaded.org.apache.hc.core5.http.impl.io.ChunkedInputStream.getChunkSize(ChunkedInputStream.java:261)
	at com.github.dockerjava.zerodep.shaded.org.apache.hc.core5.http.impl.io.ChunkedInputStream.nextChunk(ChunkedInputStream.java:222)
	at com.github.dockerjava.zerodep.shaded.org.apache.hc.core5.http.impl.io.ChunkedInputStream.read(ChunkedInputStream.java:147)
	at com.github.dockerjava.zerodep.shaded.org.apache.hc.core5.http.impl.io.ChunkedInputStream.close(ChunkedInputStream.java:314)
	at com.github.dockerjava.zerodep.shaded.org.apache.hc.core5.io.Closer.close(Closer.java:48)
	at com.github.dockerjava.zerodep.shaded.org.apache.hc.core5.http.impl.io.IncomingHttpEntity.close(IncomingHttpEntity.java:111)
	at com.github.dockerjava.zerodep.shaded.org.apache.hc.core5.http.io.entity.HttpEntityWrapper.close(HttpEntityWrapper.java:120)
	at com.github.dockerjava.zerodep.shaded.org.apache.hc.core5.io.Closer.close(Closer.java:48)
	at com.github.dockerjava.zerodep.shaded.org.apache.hc.core5.http.message.BasicClassicHttpResponse.close(BasicClassicHttpResponse.java:93)
	at com.github.dockerjava.zerodep.shaded.org.apache.hc.client5.http.impl.classic.CloseableHttpResponse.close(CloseableHttpResponse.java:200)
	at com.github.dockerjava.zerodep.ApacheDockerHttpClientImpl$ApacheResponse.close(ApacheDockerHttpClientImpl.java:256)
	at org.testcontainers.shaded.com.github.dockerjava.core.DefaultInvocationBuilder.lambda$null$0(DefaultInvocationBuilder.java:272)
	at com.github.dockerjava.api.async.ResultCallbackTemplate.close(ResultCallbackTemplate.java:77)
	at org.testcontainers.containers.output.FrameConsumerResultCallback.close(FrameConsumerResultCallback.java:69)
	at org.testcontainers.containers.wait.strategy.LogMessageWaitStrategy.waitUntilReady(LogMessageWaitStrategy.java:49)
	at org.testcontainers.containers.wait.strategy.AbstractWaitStrategy.waitUntilReady(AbstractWaitStrategy.java:52)
	at org.testcontainers.containers.PostgreSQLContainer.waitUntilContainerStarted(PostgreSQLContainer.java:140)
	at org.testcontainers.containers.GenericContainer.tryStart(GenericContainer.java:490)
	at org.testcontainers.containers.GenericContainer.lambda$doStart$0(GenericContainer.java:344)
	at org.rnorth.ducttape.unreliables.Unreliables.retryUntilSuccess(Unreliables.java:81)
	at org.testcontainers.containers.GenericContainer.doStart(GenericContainer.java:334)
	at org.testcontainers.containers.GenericContainer.start(GenericContainer.java:322)
	at environment.IntegrationEnvironment.&lt;clinit&gt;(IntegrationEnvironment.java:31)
	at java.base/jdk.internal.misc.Unsafe.ensureClassInitialized0(Native Method)
	at java.base/jdk.internal.misc.Unsafe.ensureClassInitialized(Unsafe.java:1160)
	at java.base/jdk.internal.reflect.MethodHandleAccessorFactory.ensureClassInitialized(MethodHandleAccessorFactory.java:300)
	at java.base/jdk.internal.reflect.MethodHandleAccessorFactory.newConstructorAccessor(MethodHandleAccessorFactory.java:103)
	at java.base/jdk.internal.reflect.ReflectionFactory.newConstructorAccessor(ReflectionFactory.java:201)
	at java.base/java.lang.reflect.Constructor.acquireConstructorAccessor(Constructor.java:547)
	at java.base/java.lang.reflect.Constructor.newInstanceWithCaller(Constructor.java:497)
	at java.base/java.lang.reflect.Constructor.newInstance(Constructor.java:484)
	at org.junit.runners.BlockJUnit4ClassRunner.createTest(BlockJUnit4ClassRunner.java:250)
	at org.junit.runners.BlockJUnit4ClassRunner.createTest(BlockJUnit4ClassRunner.java:260)
	at org.junit.runners.BlockJUnit4ClassRunner$2.runReflectiveCall(BlockJUnit4ClassRunner.java:309)
	at org.junit.internal.runners.model.ReflectiveCallable.run(ReflectiveCallable.java:12)
	at org.junit.runners.BlockJUnit4ClassRunner.methodBlock(BlockJUnit4ClassRunner.java:306)
	at org.junit.runners.BlockJUnit4ClassRunner$1.evaluate(BlockJUnit4ClassRunner.java:100)
	at org.junit.runners.ParentRunner.runLeaf(ParentRunner.java:366)
	at org.junit.runners.BlockJUnit4ClassRunner.runChild(BlockJUnit4ClassRunner.java:103)
	at org.junit.runners.BlockJUnit4ClassRunner.runChild(BlockJUnit4ClassRunner.java:63)
	at org.junit.runners.ParentRunner$4.run(ParentRunner.java:331)
	at org.junit.runners.ParentRunner$1.schedule(ParentRunner.java:79)
	at org.junit.runners.ParentRunner.runChildren(ParentRunner.java:329)
	at org.junit.runners.ParentRunner.access$100(ParentRunner.java:66)
	at org.junit.runners.ParentRunner$2.evaluate(ParentRunner.java:293)
	at org.junit.runners.ParentRunner$3.evaluate(ParentRunner.java:306)
	at org.junit.runners.ParentRunner.run(ParentRunner.java:413)
	at org.apache.maven.surefire.junit4.JUnit4Provider.execute(JUnit4Provider.java:252)
	at org.apache.maven.surefire.junit4.JUnit4Provider.executeTestSet(JUnit4Provider.java:141)
	at org.apache.maven.surefire.junit4.JUnit4Provider.invoke(JUnit4Provider.java:112)
	at java.base/jdk.internal.reflect.DirectMethodHandleAccessor.invoke(DirectMethodHandleAccessor.java:104)
	at java.base/java.lang.reflect.Method.invoke(Method.java:578)
	at org.apache.maven.surefire.util.ReflectionUtils.invokeMethodWithArray(ReflectionUtils.java:189)
	at org.apache.maven.surefire.booter.ProviderFactory$ProviderProxy.invoke(ProviderFactory.java:165)
	at org.apache.maven.surefire.booter.ProviderFactory.invokeProvider(ProviderFactory.java:85)
	at org.apache.maven.surefire.booter.ForkedBooter.runSuitesInProcess(ForkedBooter.java:115)
	at org.apache.maven.surefire.booter.ForkedBooter.main(ForkedBooter.java:75)
Caused by: java.nio.channels.ClosedChannelException: null
	at java.base/sun.nio.ch.WindowsAsynchronousFileChannelImpl.implRead(WindowsAsynchronousFileChannelImpl.java:521)
	at java.base/sun.nio.ch.AsynchronousFileChannelImpl.read(AsynchronousFileChannelImpl.java:229)
	at com.github.dockerjava.transport.NamedPipeSocket$AsynchronousFileByteChannel.read(NamedPipeSocket.java:117)
	at java.base/java.nio.channels.Channels$1.read(Channels.java:164)
	... 60 common frames omitted
17:52:04.325 [main] INFO tc.postgres:15 - Container postgres:15 started in PT4.668809S
17:52:04.327 [main] INFO tc.postgres:15 - Container is started (JDBC URL: jdbc:postgresql://localhost:13621/test?loggerLevel=OFF)
</system-out>
    <system-err>авг. 14, 2023 5:52:05 PM liquibase.database
INFO: Set default schema name to public
авг. 14, 2023 5:52:05 PM liquibase.lockservice
INFO: Successfully acquired change log lock
авг. 14, 2023 5:52:06 PM liquibase.changelog
INFO: Creating database history table with name: public.databasechangelog
авг. 14, 2023 5:52:06 PM liquibase.changelog
INFO: Reading from public.databasechangelog
авг. 14, 2023 5:52:06 PM liquibase.lockservice
INFO: Successfully released change log lock
</system-err>
  </testcase>
</testsuite>