<?xml version="1.0" encoding="UTF-8"?>
<testsuite xmlns:xsi="http://www.w3.org/2001/XMLSchema-instance" xsi:noNamespaceSchemaLocation="https://maven.apache.org/surefire/maven-surefire-plugin/xsd/surefire-test-report-3.0.xsd" version="3.0" name="ga12.CommandsTest" time="1.659" tests="2" errors="0" skipped="0" failures="0">
  <properties>
[...]
</properties>
  <testcase name="listCommandWhenHasElements_thenReturnThem" classname="ga12.CommandsTest" time="1.576">
    <system-out><![CDATA[18:25:18.777 [main] DEBUG org.springframework.test.util.ReflectionTestUtils - Setting field 'message' of type [null] on target object [Update{update_id=null, message=null, edited_message=null, channel_post=null, edited_channel_post=null, inline_query=null, chosen_inline_result=null, callback_query=null, shipping_query=null, pre_checkout_query=null, poll=null, poll_answer=null, my_chat_member=null, chat_member=null, chat_join_request=null}] or target class [class com.pengrad.telegrambot.model.Update] to value [Message{message_id=null, message_thread_id=null, from=null, sender_chat=null, date=null, chat=null, forward_from=null, forward_from_chat=null, forward_from_message_id=null, forward_signature='null', forward_sender_name='null', forward_date=null, is_topic_message=null, is_automatic_forward=null, reply_to_message=null, via_bot=null, edit_date=null, has_protected_content=null, has_media_spoiler=null, media_group_id='null', author_signature='null', text='null', entities=null, caption_entities=null, audio=null, document=null, animation=null, game=null, photo=null, sticker=null, video=null, voice=null, video_note=null, caption='null', contact=null, location=null, venue=null, poll=null, dice=null, new_chat_members=null, left_chat_member=null, new_chat_title='null', new_chat_photo=null, delete_chat_photo=null, group_chat_created=null, supergroup_chat_created=null, channel_chat_created=null, message_auto_delete_timer_changed=null, migrate_to_chat_id=null, migrate_from_chat_id=null, pinned_message=null, invoice=null, successful_payment=null, user_shared=null, chat_shared=null, connected_website='null', passport_data=null, proximity_alert_triggered=null, forum_topic_created=null, forum_topic_edited=null, forum_topic_closed=null, forum_topic_reopened=null, general_forum_topic_hidden=null, general_forum_topic_unhidden=null, write_access_allowed=null, video_chat_started=null, video_chat_ended=null, video_chat_participants_invited=null, video_chat_scheduled=null, reply_markup=null, web_app_data=null}]
18:25:18.796 [main] DEBUG org.springframework.test.util.ReflectionTestUtils - Setting field 'chat' of type [null] on target object [Message{message_id=null, message_thread_id=null, from=null, sender_chat=null, date=null, chat=null, forward_from=null, forward_from_chat=null, forward_from_message_id=null, forward_signature='null', forward_sender_name='null', forward_date=null, is_topic_message=null, is_automatic_forward=null, reply_to_message=null, via_bot=null, edit_date=null, has_protected_content=null, has_media_spoiler=null, media_group_id='null', author_signature='null', text='null', entities=null, caption_entities=null, audio=null, document=null, animation=null, game=null, photo=null, sticker=null, video=null, voice=null, video_note=null, caption='null', contact=null, location=null, venue=null, poll=null, dice=null, new_chat_members=null, left_chat_member=null, new_chat_title='null', new_chat_photo=null, delete_chat_photo=null, group_chat_created=null, supergroup_chat_created=null, channel_chat_created=null, message_auto_delete_timer_changed=null, migrate_to_chat_id=null, migrate_from_chat_id=null, pinned_message=null, invoice=null, successful_payment=null, user_shared=null, chat_shared=null, connected_website='null', passport_data=null, proximity_alert_triggered=null, forum_topic_created=null, forum_topic_edited=null, forum_topic_closed=null, forum_topic_reopened=null, general_forum_topic_hidden=null, general_forum_topic_unhidden=null, write_access_allowed=null, video_chat_started=null, video_chat_ended=null, video_chat_participants_invited=null, video_chat_scheduled=null, reply_markup=null, web_app_data=null}] or target class [class com.pengrad.telegrambot.model.Message] to value [Chat{id=null, type=null, first_name='null', last_name='null', is_forum=null, username='null', title='null', photo=null, active_usernames=null, emoji_status_custom_emoji_id='null', bio='null', has_private_forwards=null, has_restricted_voice_and_video_messages=null, has_hidden_members=null, has_aggressive_anti_spam_enabled=null, join_to_send_messages=null, join_by_request=null, description='null', invite_link='null', pinned_message=null, permissions=null, slow_mode_delay=null, message_auto_delete_time=null, has_protected_content=null, sticker_set_name='null', can_set_sticker_set=null, linked_chat_id=null, location=null}]
18:25:18.798 [main] DEBUG org.springframework.test.util.ReflectionTestUtils - Setting field 'id' of type [null] on target object [Chat{id=null, type=null, first_name='null', last_name='null', is_forum=null, username='null', title='null', photo=null, active_usernames=null, emoji_status_custom_emoji_id='null', bio='null', has_private_forwards=null, has_restricted_voice_and_video_messages=null, has_hidden_members=null, has_aggressive_anti_spam_enabled=null, join_to_send_messages=null, join_by_request=null, description='null', invite_link='null', pinned_message=null, permissions=null, slow_mode_delay=null, message_auto_delete_time=null, has_protected_content=null, sticker_set_name='null', can_set_sticker_set=null, linked_chat_id=null, location=null}] or target class [class com.pengrad.telegrambot.model.Chat] to value [1]
]]></system-out>
  </testcase>
  <testcase name="listCommandWhenEmpty_shouldReturnSpecialMessageTest" classname="ga12.CommandsTest" time="0.019">
    <system-out><![CDATA[18:25:19.002 [main] DEBUG org.springframework.test.util.ReflectionTestUtils - Setting field 'message' of type [null] on target object [Update{update_id=null, message=null, edited_message=null, channel_post=null, edited_channel_post=null, inline_query=null, chosen_inline_result=null, callback_query=null, shipping_query=null, pre_checkout_query=null, poll=null, poll_answer=null, my_chat_member=null, chat_member=null, chat_join_request=null}] or target class [class com.pengrad.telegrambot.model.Update] to value [Message{message_id=null, message_thread_id=null, from=null, sender_chat=null, date=null, chat=null, forward_from=null, forward_from_chat=null, forward_from_message_id=null, forward_signature='null', forward_sender_name='null', forward_date=null, is_topic_message=null, is_automatic_forward=null, reply_to_message=null, via_bot=null, edit_date=null, has_protected_content=null, has_media_spoiler=null, media_group_id='null', author_signature='null', text='null', entities=null, caption_entities=null, audio=null, document=null, animation=null, game=null, photo=null, sticker=null, video=null, voice=null, video_note=null, caption='null', contact=null, location=null, venue=null, poll=null, dice=null, new_chat_members=null, left_chat_member=null, new_chat_title='null', new_chat_photo=null, delete_chat_photo=null, group_chat_created=null, supergroup_chat_created=null, channel_chat_created=null, message_auto_delete_timer_changed=null, migrate_to_chat_id=null, migrate_from_chat_id=null, pinned_message=null, invoice=null, successful_payment=null, user_shared=null, chat_shared=null, connected_website='null', passport_data=null, proximity_alert_triggered=null, forum_topic_created=null, forum_topic_edited=null, forum_topic_closed=null, forum_topic_reopened=null, general_forum_topic_hidden=null, general_forum_topic_unhidden=null, write_access_allowed=null, video_chat_started=null, video_chat_ended=null, video_chat_participants_invited=null, video_chat_scheduled=null, reply_markup=null, web_app_data=null}]
18:25:19.003 [main] DEBUG org.springframework.test.util.ReflectionTestUtils - Setting field 'chat' of type [null] on target object [Message{message_id=null, message_thread_id=null, from=null, sender_chat=null, date=null, chat=null, forward_from=null, forward_from_chat=null, forward_from_message_id=null, forward_signature='null', forward_sender_name='null', forward_date=null, is_topic_message=null, is_automatic_forward=null, reply_to_message=null, via_bot=null, edit_date=null, has_protected_content=null, has_media_spoiler=null, media_group_id='null', author_signature='null', text='null', entities=null, caption_entities=null, audio=null, document=null, animation=null, game=null, photo=null, sticker=null, video=null, voice=null, video_note=null, caption='null', contact=null, location=null, venue=null, poll=null, dice=null, new_chat_members=null, left_chat_member=null, new_chat_title='null', new_chat_photo=null, delete_chat_photo=null, group_chat_created=null, supergroup_chat_created=null, channel_chat_created=null, message_auto_delete_timer_changed=null, migrate_to_chat_id=null, migrate_from_chat_id=null, pinned_message=null, invoice=null, successful_payment=null, user_shared=null, chat_shared=null, connected_website='null', passport_data=null, proximity_alert_triggered=null, forum_topic_created=null, forum_topic_edited=null, forum_topic_closed=null, forum_topic_reopened=null, general_forum_topic_hidden=null, general_forum_topic_unhidden=null, write_access_allowed=null, video_chat_started=null, video_chat_ended=null, video_chat_participants_invited=null, video_chat_scheduled=null, reply_markup=null, web_app_data=null}] or target class [class com.pengrad.telegrambot.model.Message] to value [Chat{id=null, type=null, first_name='null', last_name='null', is_forum=null, username='null', title='null', photo=null, active_usernames=null, emoji_status_custom_emoji_id='null', bio='null', has_private_forwards=null, has_restricted_voice_and_video_messages=null, has_hidden_members=null, has_aggressive_anti_spam_enabled=null, join_to_send_messages=null, join_by_request=null, description='null', invite_link='null', pinned_message=null, permissions=null, slow_mode_delay=null, message_auto_delete_time=null, has_protected_content=null, sticker_set_name='null', can_set_sticker_set=null, linked_chat_id=null, location=null}]
18:25:19.004 [main] DEBUG org.springframework.test.util.ReflectionTestUtils - Setting field 'id' of type [null] on target object [Chat{id=null, type=null, first_name='null', last_name='null', is_forum=null, username='null', title='null', photo=null, active_usernames=null, emoji_status_custom_emoji_id='null', bio='null', has_private_forwards=null, has_restricted_voice_and_video_messages=null, has_hidden_members=null, has_aggressive_anti_spam_enabled=null, join_to_send_messages=null, join_by_request=null, description='null', invite_link='null', pinned_message=null, permissions=null, slow_mode_delay=null, message_auto_delete_time=null, has_protected_content=null, sticker_set_name='null', can_set_sticker_set=null, linked_chat_id=null, location=null}] or target class [class com.pengrad.telegrambot.model.Chat] to value [1]
]]></system-out>
  </testcase>
</testsuite>